qqcfktszdr + bjyne - bjyne - uxkpsu - bjyne + dbchqbfqtxnjxnfeoixfqoaoyu - bjyne = unknown
qgdw - bjyne - kkcezrcjh + bjyne + bjyne + kkcezrcjh = unknown
vwszha - qgdw + bjvehjnlrqys + bjvehjnlrqys - fcr - fcr - bjyne - kkcezrcjh + bjyne + kkcezrcjh + bjvehjnlrqys - fcr = unknown
of + bjvehjnlrqys + bjvehjnlrqys + bjyne + bjyne - fcr - bjyne - fcr - kkcezrcjh - kkcezrcjh + bjvehjnlrqys = unknown
dbchqbfqtxnjxnfeoixfqoaoyu + bjvehjnlrqys + bjvehjnlrqys = unknown
c + xwgrqdcgfrfpbc + xarh + mt - xwgrqdcgfrfpbc + bjvehjnlrqys + xarh + hxdhisrrzmgs - czs + bstrifnpwdywifeykxbmaskd + bjvehjnlrqys + xarh - xwgrqdcgfrfpbc + xwgrqdcgfrfpbc = unknown
dvmotatqph + xwgrqdcgfrfpbc + xwgrqdcgfrfpbc + xwgrqdcgfrfpbc - xwgrqdcgfrfpbc - xwgrqdcgfrfpbc + xwgrqdcgfrfpbc + xwgrqdcgfrfpbc + bstrifnpwdywifeykxbmaskd + hax - xwgrqdcgfrfpbc + xwgrqdcgfrfpbc + xwgrqdcgfrfpbc + xwgrqdcgfrfpbc = unknown
pjdoalspaiwmjmubblicxahen + kkcezrcjh + fsbgnsfbqajx - kkcezrcjh + fsbgnsfbqajx - fsbgnsfbqajx + fsbgnsfbqajx + eqsostliobjnscszjlbad - eqsostliobjnscszjlbad - xwgrqdcgfrfpbc - xwgrqdcgfrfpbc = unknown
qcvcoacbtnvq + dvmotatqph - xwgrqdcgfrfpbc + fsbgnsfbqajx - eqsostliobjnscszjlbad - xwgrqdcgfrfpbc - kkcezrcjh - qcvcoacbtnvq + fsbgnsfbqajx - bstrifnpwdywifeykxbmaskd + xwgrqdcgfrfpbc + xwgrqdcgfrfpbc - xwgrqdcgfrfpbc + xwgrqdcgfrfpbc - kkcezrcjh + xwgrqdcgfrfpbc = unknown
mt - kkcezrcjh + kkcezrcjh - kkcezrcjh - fsbgnsfbqajx - fsbgnsfbqajx - kkcezrcjh - fsbgnsfbqajx + fsbgnsfbqajx - kkcezrcjh + xwgrqdcgfrfpbc + ebyhqtswkwbbaqgodceeus = unknown
czs + fsbgnsfbqajx - fsbgnsfbqajx - fsbgnsfbqajx - ebyhqtswkwbbaqgodceeus - bjvehjnlrqys + fsbgnsfbqajx - fsbgnsfbqajx + xwgrqdcgfrfpbc - kkcezrcjh - xwgrqdcgfrfpbc - bjvehjnlrqys - xwgrqdcgfrfpbc + ebyhqtswkwbbaqgodceeus + bjvehjnlrqys = unknown
ileqvfjmv + fsbgnsfbqajx + xwgrqdcgfrfpbc - bjvehjnlrqys - dbchqbfqtxnjxnfeoixfqoaoyu + fcr - xwgrqdcgfrfpbc + hax + ebyhqtswkwbbaqgodceeus - xwgrqdcgfrfpbc - ebyhqtswkwbbaqgodceeus - fsbgnsfbqajx - ntsyuxe - xwgrqdcgfrfpbc = unknown
mxofqmmexjulpdhcfzefbk - xhmixzovcio + tbch - ebyhqtswkwbbaqgodceeus + eqsostliobjnscszjlbad - xwgrqdcgfrfpbc + eqsostliobjnscszjlbad - peznfvb - kkcezrcjh + xwgrqdcgfrfpbc + hax + xwgrqdcgfrfpbc - xhmixzovcio + kkcezrcjh + radxzbwedsjjamllfncrgxrswwk + bjvehjnlrqys = unknown
bstrifnpwdywifeykxbmaskd - kkcezrcjh + xwgrqdcgfrfpbc + fsbgnsfbqajx - xwgrqdcgfrfpbc + radxzbwedsjjamllfncrgxrswwk + ntsyuxe + xarh + dzhxbtfsrtjzjlrgyckelthnypqkb + eqsostliobjnscszjlbad + bjvehjnlrqys + xwgrqdcgfrfpbc + eqsostliobjnscszjlbad - bjvehjnlrqys = unknown
czs = unknown
plagzl - ablurufhdwencwaieyjlzmulgq - mt - ileqvfjmv - ebyhqtswkwbbaqgodceeus - pjdoalspaiwmjmubblicxahen - vwszha + tbch + peznfvb + vwszha - xwgrqdcgfrfpbc + qcvcoacbtnvq + eqsostliobjnscszjlbad + of = unknown
awwrrcovhhnqzgtpchbmrm - qqcfktszdr - qqcfktszdr - ky + qqcfktszdr - qqcfktszdr + qcvcoacbtnvq + qqcfktszdr - qqcfktszdr + qqcfktszdr + qqcfktszdr + qqcfktszdr + dvmotatqph - qqcfktszdr = unknown
tbch = unknown
fcr - orfziqsav - kkcezrcjh + orfziqsav + hctogpjeyeqku + hctogpjeyeqku + iajeexhtqfeqi - vwszha - mxofqmmexjulpdhcfzefbk + mxofqmmexjulpdhcfzefbk + eqsostliobjnscszjlbad = unknown
iajeexhtqfeqi - iajeexhtqfeqi + hctogpjeyeqku - qqcfktszdr - hax + mxofqmmexjulpdhcfzefbk = unknown
dvmotatqph + vwszha - hctogpjeyeqku - iajeexhtqfeqi - mxofqmmexjulpdhcfzefbk - kkcezrcjh + iajeexhtqfeqi + kkcezrcjh - tqtvxvwbryslaqbcpqfg + xhmixzovcio + iajeexhtqfeqi - mt - vwszha + hctogpjeyeqku - kkcezrcjh = unknown
peznfvb - qqcfktszdr + hctogpjeyeqku + iajeexhtqfeqi - kkcezrcjh + xhmixzovcio - mxofqmmexjulpdhcfzefbk - tqtvxvwbryslaqbcpqfg + mxofqmmexjulpdhcfzefbk - of + kkcezrcjh + orfziqsav = unknown
iajeexhtqfeqi + vwszha + orfziqsav = unknown
ebyhqtswkwbbaqgodceeus - peznfvb + qqcfktszdr - of = unknown
dvmotatqph - iajeexhtqfeqi + orfziqsav - tbch - ntsyuxe + hctogpjeyeqku + hctogpjeyeqku - pjdoalspaiwmjmubblicxahen + ablurufhdwencwaieyjlzmulgq + czs - hxdhisrrzmgs - iajeexhtqfeqi = unknown
fsbgnsfbqajx + vwszha + czs + c - ebyhqtswkwbbaqgodceeus + plagzl - qqcfktszdr - hctogpjeyeqku + tqtvxvwbryslaqbcpqfg + mt - peznfvb - xhmixzovcio = unknown
xhmixzovcio - tqtvxvwbryslaqbcpqfg + ky - ky - awwrrcovhhnqzgtpchbmrm + dbchqbfqtxnjxnfeoixfqoaoyu = unknown
xarh + uxkpsu - uxkpsu + uxkpsu - ebyhqtswkwbbaqgodceeus - bstrifnpwdywifeykxbmaskd + uxkpsu + uxkpsu - uxkpsu + qgdw - uxkpsu - uxkpsu - xwgrqdcgfrfpbc - uxkpsu = unknown
fcr + uxkpsu + uxkpsu + uxkpsu = unknown
of - uxkpsu - uxkpsu - uxkpsu + uxkpsu - uxkpsu + dzhxbtfsrtjzjlrgyckelthnypqkb - uxkpsu - awwrrcovhhnqzgtpchbmrm + uxkpsu + uxkpsu + uxkpsu - radxzbwedsjjamllfncrgxrswwk = unknown
hax + bjyne - ileqvfjmv + uxkpsu - uxkpsu + uxkpsu - bjyne + uxkpsu + bjyne + hctogpjeyeqku + uxkpsu + bjyne - uxkpsu - bjyne = unknown
tqtvxvwbryslaqbcpqfg - radxzbwedsjjamllfncrgxrswwk - radxzbwedsjjamllfncrgxrswwk + bjyne - radxzbwedsjjamllfncrgxrswwk + radxzbwedsjjamllfncrgxrswwk - radxzbwedsjjamllfncrgxrswwk - radxzbwedsjjamllfncrgxrswwk + xhmixzovcio - radxzbwedsjjamllfncrgxrswwk + radxzbwedsjjamllfncrgxrswwk = unknown
radxzbwedsjjamllfncrgxrswwk + ofwpinhqugchbjgybxlrrrrwvia - radxzbwedsjjamllfncrgxrswwk + radxzbwedsjjamllfncrgxrswwk - radxzbwedsjjamllfncrgxrswwk - radxzbwedsjjamllfncrgxrswwk + radxzbwedsjjamllfncrgxrswwk - radxzbwedsjjamllfncrgxrswwk - radxzbwedsjjamllfncrgxrswwk = unknown
bstrifnpwdywifeykxbmaskd + radxzbwedsjjamllfncrgxrswwk + radxzbwedsjjamllfncrgxrswwk + radxzbwedsjjamllfncrgxrswwk = unknown
pjdoalspaiwmjmubblicxahen + radxzbwedsjjamllfncrgxrswwk - radxzbwedsjjamllfncrgxrswwk + radxzbwedsjjamllfncrgxrswwk - ebyhqtswkwbbaqgodceeus + radxzbwedsjjamllfncrgxrswwk + dbchqbfqtxnjxnfeoixfqoaoyu - radxzbwedsjjamllfncrgxrswwk + qgdw + radxzbwedsjjamllfncrgxrswwk - radxzbwedsjjamllfncrgxrswwk - radxzbwedsjjamllfncrgxrswwk + radxzbwedsjjamllfncrgxrswwk - pjdoalspaiwmjmubblicxahen = unknown
qcvcoacbtnvq - ky - gtyacobo + ablurufhdwencwaieyjlzmulgq + kkcezrcjh + mxofqmmexjulpdhcfzefbk - orfziqsav - qgdw - ileqvfjmv + fsbgnsfbqajx - ebyhqtswkwbbaqgodceeus - dzhxbtfsrtjzjlrgyckelthnypqkb - dzhxbtfsrtjzjlrgyckelthnypqkb - fsbgnsfbqajx - tqtvxvwbryslaqbcpqfg = unknown
ileqvfjmv + fsbgnsfbqajx - eqsostliobjnscszjlbad + fsbgnsfbqajx - uxkpsu + mxofqmmexjulpdhcfzefbk + ablurufhdwencwaieyjlzmulgq + mt + plagzl + ky + uxkpsu + dvmotatqph + c = unknown
pjdoalspaiwmjmubblicxahen - ofwpinhqugchbjgybxlrrrrwvia + ofwpinhqugchbjgybxlrrrrwvia + ofwpinhqugchbjgybxlrrrrwvia - xarh - ofwpinhqugchbjgybxlrrrrwvia - c + ofwpinhqugchbjgybxlrrrrwvia + qcvcoacbtnvq - ofwpinhqugchbjgybxlrrrrwvia + c + c = unknown
vwszha + ofwpinhqugchbjgybxlrrrrwvia = unknown
hxdhisrrzmgs - orfziqsav - ofwpinhqugchbjgybxlrrrrwvia - c - orfziqsav = unknown
mxofqmmexjulpdhcfzefbk - tbch + bjvehjnlrqys + tbch + ofwpinhqugchbjgybxlrrrrwvia = unknown
c - tbch + c - tbch - hctogpjeyeqku - tbch + tbch - c + hctogpjeyeqku + c - tbch - hctogpjeyeqku + hax = unknown
iajeexhtqfeqi - vwszha + bstrifnpwdywifeykxbmaskd - bstrifnpwdywifeykxbmaskd - bstrifnpwdywifeykxbmaskd + bstrifnpwdywifeykxbmaskd - mt + bstrifnpwdywifeykxbmaskd + bstrifnpwdywifeykxbmaskd = unknown
tqtvxvwbryslaqbcpqfg + bstrifnpwdywifeykxbmaskd - c + bstrifnpwdywifeykxbmaskd - bstrifnpwdywifeykxbmaskd + ofwpinhqugchbjgybxlrrrrwvia - bstrifnpwdywifeykxbmaskd - bstrifnpwdywifeykxbmaskd - bstrifnpwdywifeykxbmaskd + c - tqtvxvwbryslaqbcpqfg + bstrifnpwdywifeykxbmaskd - dzhxbtfsrtjzjlrgyckelthnypqkb = unknown
xarh + bjvehjnlrqys + tbch + tbch - fcr + tbch - pjdoalspaiwmjmubblicxahen + bjvehjnlrqys + bjvehjnlrqys - hctogpjeyeqku + tbch = unknown
bjyne - hctogpjeyeqku + ky - fcr = unknown
kkcezrcjh - bjvehjnlrqys - fcr + xarh - xhmixzovcio + bjvehjnlrqys - bjvehjnlrqys - fcr = unknown
iajeexhtqfeqi + hxdhisrrzmgs + vwszha - uxkpsu + ky - ntsyuxe - awwrrcovhhnqzgtpchbmrm - tbch + vwszha - ky - xhmixzovcio - xhmixzovcio - xhmixzovcio + fcr - tbch - uxkpsu = unknown
ileqvfjmv + eqsostliobjnscszjlbad + xhmixzovcio - bjvehjnlrqys - uxkpsu - fcr - bjvehjnlrqys = unknown
tqtvxvwbryslaqbcpqfg - awwrrcovhhnqzgtpchbmrm - tbch - uxkpsu - xhmixzovcio + vwszha + fcr + hxdhisrrzmgs = unknown
mt - ky - vwszha - uxkpsu = unknown
bjyne - awwrrcovhhnqzgtpchbmrm - tbch - bjvehjnlrqys - plagzl + tbch + uxkpsu + awwrrcovhhnqzgtpchbmrm + bjvehjnlrqys + xhmixzovcio + fsbgnsfbqajx - fsbgnsfbqajx - ky = unknown
radxzbwedsjjamllfncrgxrswwk + awwrrcovhhnqzgtpchbmrm - bjvehjnlrqys + mxofqmmexjulpdhcfzefbk - mxofqmmexjulpdhcfzefbk + tbch - uxkpsu + fsbgnsfbqajx - mxofqmmexjulpdhcfzefbk + dvmotatqph = unknown
ntsyuxe + fsbgnsfbqajx + uxkpsu = unknown
fsbgnsfbqajx + mt + bjvehjnlrqys - fcr - tbch + hxdhisrrzmgs - fcr - uxkpsu + xhmixzovcio + uxkpsu - awwrrcovhhnqzgtpchbmrm + hxdhisrrzmgs + awwrrcovhhnqzgtpchbmrm - fcr = unknown
fcr + uxkpsu - ileqvfjmv + ileqvfjmv + uxkpsu - vwszha = unknown
c - hax + hax - pjdoalspaiwmjmubblicxahen - bstrifnpwdywifeykxbmaskd + hax + uxkpsu = unknown
tbch - awwrrcovhhnqzgtpchbmrm - tbch + dzhxbtfsrtjzjlrgyckelthnypqkb + awwrrcovhhnqzgtpchbmrm + xhmixzovcio = unknown
bstrifnpwdywifeykxbmaskd = bstrifnpwdywifeykxbmaskd
qqcfktszdr + tbch - ky + fsbgnsfbqajx - mxofqmmexjulpdhcfzefbk - bjvehjnlrqys + dzhxbtfsrtjzjlrgyckelthnypqkb + bstrifnpwdywifeykxbmaskd - fcr + ofwpinhqugchbjgybxlrrrrwvia + hax - ileqvfjmv - uxkpsu + bstrifnpwdywifeykxbmaskd - peznfvb = unknown
dzhxbtfsrtjzjlrgyckelthnypqkb - of - orfziqsav - pjdoalspaiwmjmubblicxahen - bstrifnpwdywifeykxbmaskd - ablurufhdwencwaieyjlzmulgq - dvmotatqph + hxdhisrrzmgs + vwszha + hxdhisrrzmgs - bstrifnpwdywifeykxbmaskd + vwszha + bjvehjnlrqys + hxdhisrrzmgs - bstrifnpwdywifeykxbmaskd = unknown
vwszha - hax + czs - fsbgnsfbqajx + dvmotatqph + uxkpsu + iajeexhtqfeqi - peznfvb - xhmixzovcio - orfziqsav + fsbgnsfbqajx = unknown
mxofqmmexjulpdhcfzefbk - ablurufhdwencwaieyjlzmulgq + xhmixzovcio + dvmotatqph - iajeexhtqfeqi + bstrifnpwdywifeykxbmaskd + ileqvfjmv - uirwovbludkbyunsacteahd = unknown
ebyhqtswkwbbaqgodceeus - xhmixzovcio + uxkpsu + ky + ileqvfjmv = unknown
of + ebyhqtswkwbbaqgodceeus + uxkpsu + peznfvb + awwrrcovhhnqzgtpchbmrm - ileqvfjmv + awwrrcovhhnqzgtpchbmrm = unknown
iajeexhtqfeqi + pjdoalspaiwmjmubblicxahen + fsbgnsfbqajx + awwrrcovhhnqzgtpchbmrm - ky = unknown
qqcfktszdr - vwszha + mxofqmmexjulpdhcfzefbk + tbch + hax + bjvehjnlrqys + awwrrcovhhnqzgtpchbmrm + peznfvb + awwrrcovhhnqzgtpchbmrm = unknown
wegfkbaakupkgdotf + ky - hxdhisrrzmgs - xhmixzovcio + ileqvfjmv - ablurufhdwencwaieyjlzmulgq + dvmotatqph + fcr = unknown
hax - ky - dvmotatqph + pjdoalspaiwmjmubblicxahen - ofwpinhqugchbjgybxlrrrrwvia + hxdhisrrzmgs - hxdhisrrzmgs + mxofqmmexjulpdhcfzefbk + pjdoalspaiwmjmubblicxahen - xhmixzovcio + ky + ileqvfjmv - ky - bjyne + ky = unknown
ileqvfjmv + c + awwrrcovhhnqzgtpchbmrm - peznfvb + xhmixzovcio - peznfvb - bjyne - vwszha = unknown
ebyhqtswkwbbaqgodceeus + awwrrcovhhnqzgtpchbmrm - ileqvfjmv - c - tbch = unknown
tbch - of + of + of + of + of + of + of - of - of + of + of = unknown
mxofqmmexjulpdhcfzefbk + awwrrcovhhnqzgtpchbmrm + bstrifnpwdywifeykxbmaskd - fcr - hctogpjeyeqku - pjdoalspaiwmjmubblicxahen + xhmixzovcio + radxzbwedsjjamllfncrgxrswwk = unknown
bstrifnpwdywifeykxbmaskd = unknown
dvmotatqph + eqsostliobjnscszjlbad - fsbgnsfbqajx + eqsostliobjnscszjlbad - kkcezrcjh + eqsostliobjnscszjlbad + kkcezrcjh + eqsostliobjnscszjlbad + kkcezrcjh - eqsostliobjnscszjlbad - eqsostliobjnscszjlbad + kkcezrcjh + eqsostliobjnscszjlbad + kkcezrcjh + eqsostliobjnscszjlbad + eqsostliobjnscszjlbad = unknown
mxofqmmexjulpdhcfzefbk + hctogpjeyeqku + eqsostliobjnscszjlbad - kkcezrcjh + hctogpjeyeqku + orfziqsav + eqsostliobjnscszjlbad = unknown
qcvcoacbtnvq - eqsostliobjnscszjlbad - kkcezrcjh - hctogpjeyeqku + xwgrqdcgfrfpbc - eqsostliobjnscszjlbad - kkcezrcjh - hctogpjeyeqku + kkcezrcjh - eqsostliobjnscszjlbad + eqsostliobjnscszjlbad = unknown
plagzl - bstrifnpwdywifeykxbmaskd + kkcezrcjh - hax + eqsostliobjnscszjlbad + eqsostliobjnscszjlbad + qcvcoacbtnvq - qcvcoacbtnvq + ofwpinhqugchbjgybxlrrrrwvia = unknown
hax - fcr - qcvcoacbtnvq - eqsostliobjnscszjlbad + kkcezrcjh + hctogpjeyeqku + eqsostliobjnscszjlbad + eqsostliobjnscszjlbad = unknown
kkcezrcjh - radxzbwedsjjamllfncrgxrswwk + orfziqsav + dvmotatqph + kkcezrcjh - kkcezrcjh - hctogpjeyeqku - hctogpjeyeqku - qcvcoacbtnvq + hctogpjeyeqku - eqsostliobjnscszjlbad - kkcezrcjh - qcvcoacbtnvq - hctogpjeyeqku + hctogpjeyeqku = unknown
hctogpjeyeqku - qcvcoacbtnvq + qcvcoacbtnvq - kkcezrcjh + ablurufhdwencwaieyjlzmulgq + qcvcoacbtnvq - vwszha - qcvcoacbtnvq - dvmotatqph - kkcezrcjh - ky - dvmotatqph + ablurufhdwencwaieyjlzmulgq + vwszha + eqsostliobjnscszjlbad = unknown
ofwpinhqugchbjgybxlrrrrwvia + hctogpjeyeqku - bstrifnpwdywifeykxbmaskd - ofwpinhqugchbjgybxlrrrrwvia - kkcezrcjh - ofwpinhqugchbjgybxlrrrrwvia - qgdw + qgdw - fcr + ntsyuxe + qcvcoacbtnvq = unknown
ofwpinhqugchbjgybxlrrrrwvia - qqcfktszdr - qqcfktszdr - tqtvxvwbryslaqbcpqfg - awwrrcovhhnqzgtpchbmrm + qqcfktszdr - tbch - qqcfktszdr - tqtvxvwbryslaqbcpqfg + qqcfktszdr + tqtvxvwbryslaqbcpqfg - uirwovbludkbyunsacteahd = unknown
eqsostliobjnscszjlbad - qqcfktszdr + orfziqsav = unknown
xhmixzovcio - qgdw - dzhxbtfsrtjzjlrgyckelthnypqkb + ileqvfjmv - dvmotatqph - qcvcoacbtnvq + ntsyuxe + hctogpjeyeqku - ileqvfjmv - radxzbwedsjjamllfncrgxrswwk + czs - tqtvxvwbryslaqbcpqfg - fcr - bjvehjnlrqys = unknown
dbchqbfqtxnjxnfeoixfqoaoyu - bjyne + qcvcoacbtnvq - ky + pjdoalspaiwmjmubblicxahen - peznfvb + qgdw - c + hctogpjeyeqku + hctogpjeyeqku - fsbgnsfbqajx = unknown
xhmixzovcio + fsbgnsfbqajx + ebyhqtswkwbbaqgodceeus - hxdhisrrzmgs - uxkpsu - ofwpinhqugchbjgybxlrrrrwvia + mxofqmmexjulpdhcfzefbk - of - xhmixzovcio + xarh + peznfvb + ky + mxofqmmexjulpdhcfzefbk = unknown
pjdoalspaiwmjmubblicxahen + awwrrcovhhnqzgtpchbmrm - fcr + qqcfktszdr + eqsostliobjnscszjlbad + hctogpjeyeqku + iajeexhtqfeqi + fcr + dbchqbfqtxnjxnfeoixfqoaoyu - ablurufhdwencwaieyjlzmulgq + gtyacobo = unknown
mxofqmmexjulpdhcfzefbk + iajeexhtqfeqi + dvmotatqph = unknown
of = unknown
qcvcoacbtnvq + orfziqsav - ofwpinhqugchbjgybxlrrrrwvia + qcvcoacbtnvq + gtyacobo + kkcezrcjh + bjvehjnlrqys + iajeexhtqfeqi - hax = unknown
bjyne - fsbgnsfbqajx - qcvcoacbtnvq - radxzbwedsjjamllfncrgxrswwk - fsbgnsfbqajx + xwgrqdcgfrfpbc - wegfkbaakupkgdotf - dzhxbtfsrtjzjlrgyckelthnypqkb + mt + plagzl = unknown
ablurufhdwencwaieyjlzmulgq + hax - hax = unknown
ky - hax - hax + fsbgnsfbqajx = unknown
uirwovbludkbyunsacteahd - ofwpinhqugchbjgybxlrrrrwvia + hax + ofwpinhqugchbjgybxlrrrrwvia + ofwpinhqugchbjgybxlrrrrwvia - ofwpinhqugchbjgybxlrrrrwvia - ofwpinhqugchbjgybxlrrrrwvia + ablurufhdwencwaieyjlzmulgq + hax + ofwpinhqugchbjgybxlrrrrwvia - ofwpinhqugchbjgybxlrrrrwvia - bstrifnpwdywifeykxbmaskd - hax - hax = unknown
tbch + fsbgnsfbqajx - ileqvfjmv - bjvehjnlrqys + pjdoalspaiwmjmubblicxahen + c + ky - fsbgnsfbqajx + ky + ky - hax + bjvehjnlrqys + bjvehjnlrqys - bjvehjnlrqys = unknown
orfziqsav + ky - uxkpsu + bjvehjnlrqys - hax - qqcfktszdr + dvmotatqph + hax - bjvehjnlrqys - hax = unknown
qqcfktszdr = unknown
mxofqmmexjulpdhcfzefbk + dvmotatqph - awwrrcovhhnqzgtpchbmrm + uxkpsu - uirwovbludkbyunsacteahd - tbch - uxkpsu + tbch - ky - dvmotatqph + bjvehjnlrqys + bjvehjnlrqys + uxkpsu = unknown
vwszha - tbch = unknown
tbch + dvmotatqph - hax - bjvehjnlrqys - tbch - qgdw + dzhxbtfsrtjzjlrgyckelthnypqkb + tbch - ofwpinhqugchbjgybxlrrrrwvia - fcr + hax - ofwpinhqugchbjgybxlrrrrwvia - uxkpsu + fcr - tbch = unknown
mxofqmmexjulpdhcfzefbk - bjvehjnlrqys + fcr + ofwpinhqugchbjgybxlrrrrwvia - tbch = unknown
uirwovbludkbyunsacteahd + ntsyuxe - peznfvb - peznfvb + ebyhqtswkwbbaqgodceeus = unknown
ky - xhmixzovcio + xhmixzovcio - xhmixzovcio - xhmixzovcio + xhmixzovcio - xhmixzovcio - xhmixzovcio - xhmixzovcio + iajeexhtqfeqi - vwszha + xhmixzovcio - xhmixzovcio + xhmixzovcio + xhmixzovcio + xhmixzovcio = unknown
orfziqsav - hxdhisrrzmgs + hxdhisrrzmgs - ebyhqtswkwbbaqgodceeus - hxdhisrrzmgs - hxdhisrrzmgs - hxdhisrrzmgs - hxdhisrrzmgs - hxdhisrrzmgs + hxdhisrrzmgs + dzhxbtfsrtjzjlrgyckelthnypqkb - hxdhisrrzmgs - hxdhisrrzmgs + hxdhisrrzmgs = unknown
ablurufhdwencwaieyjlzmulgq + hxdhisrrzmgs - hxdhisrrzmgs + hxdhisrrzmgs + c - hxdhisrrzmgs + hxdhisrrzmgs + awwrrcovhhnqzgtpchbmrm + hxdhisrrzmgs - c - hxdhisrrzmgs - iajeexhtqfeqi - hxdhisrrzmgs - hxdhisrrzmgs = unknown
mxofqmmexjulpdhcfzefbk - of = unknown
iajeexhtqfeqi - ileqvfjmv + ileqvfjmv - qqcfktszdr + hax + mxofqmmexjulpdhcfzefbk + ky + qqcfktszdr - qqcfktszdr + hax + xwgrqdcgfrfpbc + xwgrqdcgfrfpbc + mt = unknown
ky - pjdoalspaiwmjmubblicxahen + kkcezrcjh + hctogpjeyeqku - pjdoalspaiwmjmubblicxahen - pjdoalspaiwmjmubblicxahen + xarh - dbchqbfqtxnjxnfeoixfqoaoyu + qcvcoacbtnvq - tbch = unknown
bjyne = unknown
ebyhqtswkwbbaqgodceeus - radxzbwedsjjamllfncrgxrswwk + radxzbwedsjjamllfncrgxrswwk - radxzbwedsjjamllfncrgxrswwk = unknown
uxkpsu - radxzbwedsjjamllfncrgxrswwk - radxzbwedsjjamllfncrgxrswwk - radxzbwedsjjamllfncrgxrswwk - uxkpsu - c + uirwovbludkbyunsacteahd - uxkpsu - uxkpsu - uxkpsu - radxzbwedsjjamllfncrgxrswwk = unknown
c - qqcfktszdr + qqcfktszdr + qqcfktszdr + qqcfktszdr + qqcfktszdr - qqcfktszdr - awwrrcovhhnqzgtpchbmrm = unknown
kkcezrcjh - qqcfktszdr + qqcfktszdr - uirwovbludkbyunsacteahd + uirwovbludkbyunsacteahd = unknown
qqcfktszdr = qqcfktszdr
iajeexhtqfeqi + qqcfktszdr - uirwovbludkbyunsacteahd + qqcfktszdr - kkcezrcjh + uirwovbludkbyunsacteahd + uirwovbludkbyunsacteahd + bjyne + uirwovbludkbyunsacteahd + qqcfktszdr + qqcfktszdr = unknown
tqtvxvwbryslaqbcpqfg = unknown
ileqvfjmv + xarh + uirwovbludkbyunsacteahd - uirwovbludkbyunsacteahd + uirwovbludkbyunsacteahd = unknown
ebyhqtswkwbbaqgodceeus + qqcfktszdr + peznfvb + uirwovbludkbyunsacteahd + peznfvb + qqcfktszdr + uirwovbludkbyunsacteahd - xarh - tbch = unknown
qgdw - xarh - qqcfktszdr - uirwovbludkbyunsacteahd + qqcfktszdr + uirwovbludkbyunsacteahd + xarh + xarh + uirwovbludkbyunsacteahd - qqcfktszdr + uirwovbludkbyunsacteahd + qgdw + qqcfktszdr + hax = unknown
of + qgdw + xarh + xarh - qqcfktszdr + qqcfktszdr + xarh = unknown
uirwovbludkbyunsacteahd + fsbgnsfbqajx + qqcfktszdr - peznfvb + fsbgnsfbqajx + fsbgnsfbqajx + fsbgnsfbqajx = unknown
mt - peznfvb + fsbgnsfbqajx + mxofqmmexjulpdhcfzefbk + xhmixzovcio + peznfvb = unknown
radxzbwedsjjamllfncrgxrswwk + fsbgnsfbqajx + peznfvb + ablurufhdwencwaieyjlzmulgq - peznfvb - mxofqmmexjulpdhcfzefbk - fsbgnsfbqajx - czs + fsbgnsfbqajx + ntsyuxe + fsbgnsfbqajx = unknown
dvmotatqph - uirwovbludkbyunsacteahd + ebyhqtswkwbbaqgodceeus - peznfvb - peznfvb - xwgrqdcgfrfpbc + fsbgnsfbqajx = unknown
hax + fsbgnsfbqajx - czs = unknown
vwszha + dbchqbfqtxnjxnfeoixfqoaoyu - qgdw = unknown
fsbgnsfbqajx - peznfvb - peznfvb - fsbgnsfbqajx + xhmixzovcio - dbchqbfqtxnjxnfeoixfqoaoyu + dbchqbfqtxnjxnfeoixfqoaoyu + mxofqmmexjulpdhcfzefbk - xarh + dbchqbfqtxnjxnfeoixfqoaoyu + mxofqmmexjulpdhcfzefbk + czs + fsbgnsfbqajx + peznfvb = unknown
xhmixzovcio - of - of + gtyacobo + vwszha + tbch - vwszha - qgdw + peznfvb - vwszha - ofwpinhqugchbjgybxlrrrrwvia - peznfvb = unknown
kkcezrcjh + dbchqbfqtxnjxnfeoixfqoaoyu - gtyacobo + ileqvfjmv - peznfvb + of + mxofqmmexjulpdhcfzefbk - peznfvb - gtyacobo - peznfvb - tbch + vwszha - mxofqmmexjulpdhcfzefbk + bjyne = unknown
orfziqsav + qgdw + fsbgnsfbqajx + peznfvb - of + czs - fsbgnsfbqajx = unknown
dbchqbfqtxnjxnfeoixfqoaoyu + uirwovbludkbyunsacteahd - of + hax - of + gtyacobo = unknown
vwszha - fsbgnsfbqajx - mxofqmmexjulpdhcfzefbk + vwszha = unknown
qqcfktszdr - czs - fsbgnsfbqajx + ntsyuxe = unknown
orfziqsav - awwrrcovhhnqzgtpchbmrm = unknown
uxkpsu + czs - ntsyuxe - fsbgnsfbqajx + qgdw - ntsyuxe + of - fsbgnsfbqajx - bjyne = unknown
bstrifnpwdywifeykxbmaskd + mxofqmmexjulpdhcfzefbk - peznfvb + awwrrcovhhnqzgtpchbmrm + fcr + czs + peznfvb + kkcezrcjh + fsbgnsfbqajx = unknown
ablurufhdwencwaieyjlzmulgq - xarh - awwrrcovhhnqzgtpchbmrm - bjvehjnlrqys - bjyne - mt = unknown
hctogpjeyeqku - tbch - tbch - of + qgdw - of + of - tbch = unknown
pjdoalspaiwmjmubblicxahen + radxzbwedsjjamllfncrgxrswwk - kkcezrcjh - radxzbwedsjjamllfncrgxrswwk - vwszha - radxzbwedsjjamllfncrgxrswwk + radxzbwedsjjamllfncrgxrswwk + radxzbwedsjjamllfncrgxrswwk = unknown
dzhxbtfsrtjzjlrgyckelthnypqkb + radxzbwedsjjamllfncrgxrswwk + ebyhqtswkwbbaqgodceeus - radxzbwedsjjamllfncrgxrswwk - radxzbwedsjjamllfncrgxrswwk - dbchqbfqtxnjxnfeoixfqoaoyu + radxzbwedsjjamllfncrgxrswwk - radxzbwedsjjamllfncrgxrswwk + radxzbwedsjjamllfncrgxrswwk = unknown
xwgrqdcgfrfpbc - xarh - xarh - awwrrcovhhnqzgtpchbmrm + awwrrcovhhnqzgtpchbmrm + kkcezrcjh - tbch - awwrrcovhhnqzgtpchbmrm - awwrrcovhhnqzgtpchbmrm + iajeexhtqfeqi + radxzbwedsjjamllfncrgxrswwk - awwrrcovhhnqzgtpchbmrm = unknown
awwrrcovhhnqzgtpchbmrm = awwrrcovhhnqzgtpchbmrm
bjyne - kkcezrcjh - qgdw - orfziqsav + peznfvb - ablurufhdwencwaieyjlzmulgq + uirwovbludkbyunsacteahd = unknown
hxdhisrrzmgs + tqtvxvwbryslaqbcpqfg - ileqvfjmv - ebyhqtswkwbbaqgodceeus + mxofqmmexjulpdhcfzefbk + orfziqsav + mxofqmmexjulpdhcfzefbk + xhmixzovcio + mt - awwrrcovhhnqzgtpchbmrm + qcvcoacbtnvq + ofwpinhqugchbjgybxlrrrrwvia + qcvcoacbtnvq = unknown
hctogpjeyeqku + vwszha - tbch - qgdw + awwrrcovhhnqzgtpchbmrm - ablurufhdwencwaieyjlzmulgq - orfziqsav - c + ablurufhdwencwaieyjlzmulgq + pjdoalspaiwmjmubblicxahen + bjvehjnlrqys + radxzbwedsjjamllfncrgxrswwk + orfziqsav + pjdoalspaiwmjmubblicxahen = unknown
ablurufhdwencwaieyjlzmulgq - xarh + xarh - hax + xarh - hax - hax - xarh = unknown
iajeexhtqfeqi + awwrrcovhhnqzgtpchbmrm - bjyne - hax + bstrifnpwdywifeykxbmaskd + xarh + xarh + hax + hax + xarh - xarh - xarh - xarh - ileqvfjmv + hax = unknown
czs - hax + gtyacobo + gtyacobo - xarh + gtyacobo - radxzbwedsjjamllfncrgxrswwk + xarh + qgdw - xarh - radxzbwedsjjamllfncrgxrswwk + ebyhqtswkwbbaqgodceeus + ebyhqtswkwbbaqgodceeus - gtyacobo = unknown
orfziqsav + ablurufhdwencwaieyjlzmulgq - ntsyuxe + ntsyuxe - vwszha - vwszha + vwszha - gtyacobo - gtyacobo + gtyacobo - tqtvxvwbryslaqbcpqfg - tqtvxvwbryslaqbcpqfg + ebyhqtswkwbbaqgodceeus = unknown
kkcezrcjh + tqtvxvwbryslaqbcpqfg = unknown
qqcfktszdr - gtyacobo = unknown
bjvehjnlrqys - gtyacobo - gtyacobo - gtyacobo - hctogpjeyeqku + gtyacobo + iajeexhtqfeqi + gtyacobo - tbch + iajeexhtqfeqi = unknown
qqcfktszdr - qgdw - qgdw + bjvehjnlrqys + xhmixzovcio - gtyacobo + ebyhqtswkwbbaqgodceeus = unknown
kkcezrcjh + qgdw + uirwovbludkbyunsacteahd + mt + bjvehjnlrqys + ebyhqtswkwbbaqgodceeus - bjvehjnlrqys - gtyacobo + bjvehjnlrqys + bjvehjnlrqys - gtyacobo = unknown
qcvcoacbtnvq - ebyhqtswkwbbaqgodceeus - gtyacobo + dzhxbtfsrtjzjlrgyckelthnypqkb + dvmotatqph + qgdw + xarh - iajeexhtqfeqi + bjvehjnlrqys + ebyhqtswkwbbaqgodceeus - bjvehjnlrqys - xarh - xhmixzovcio = unknown
gtyacobo + mxofqmmexjulpdhcfzefbk - wegfkbaakupkgdotf - gtyacobo - gtyacobo - dzhxbtfsrtjzjlrgyckelthnypqkb + gtyacobo + pjdoalspaiwmjmubblicxahen + gtyacobo - bjvehjnlrqys - hxdhisrrzmgs + xhmixzovcio - xarh + ablurufhdwencwaieyjlzmulgq = unknown
orfziqsav - ablurufhdwencwaieyjlzmulgq + xarh - ofwpinhqugchbjgybxlrrrrwvia + c - qgdw + gtyacobo + xarh - ablurufhdwencwaieyjlzmulgq - ebyhqtswkwbbaqgodceeus + dzhxbtfsrtjzjlrgyckelthnypqkb + xarh + ebyhqtswkwbbaqgodceeus + ablurufhdwencwaieyjlzmulgq - gtyacobo - ofwpinhqugchbjgybxlrrrrwvia = unknown
awwrrcovhhnqzgtpchbmrm + qgdw - uxkpsu + dzhxbtfsrtjzjlrgyckelthnypqkb = unknown
ablurufhdwencwaieyjlzmulgq = ablurufhdwencwaieyjlzmulgq
pjdoalspaiwmjmubblicxahen - uxkpsu - mxofqmmexjulpdhcfzefbk + qcvcoacbtnvq - qcvcoacbtnvq + kkcezrcjh - xarh - kkcezrcjh + kkcezrcjh - ablurufhdwencwaieyjlzmulgq - uxkpsu - uirwovbludkbyunsacteahd = unknown
radxzbwedsjjamllfncrgxrswwk + ebyhqtswkwbbaqgodceeus + vwszha + iajeexhtqfeqi + ky = unknown
qqcfktszdr = unknown
xwgrqdcgfrfpbc - hax + hax - hax + orfziqsav - gtyacobo + hax + hax - hax + hax - dbchqbfqtxnjxnfeoixfqoaoyu - hax - ky + hax + hax = unknown
awwrrcovhhnqzgtpchbmrm - xarh - dvmotatqph + hax = unknown
gtyacobo - wegfkbaakupkgdotf - fsbgnsfbqajx - wegfkbaakupkgdotf + xarh - fsbgnsfbqajx = unknown
hctogpjeyeqku - xarh - c + wegfkbaakupkgdotf - wegfkbaakupkgdotf - hax + c - hxdhisrrzmgs + wegfkbaakupkgdotf - kkcezrcjh + kkcezrcjh + c - xarh = unknown
gtyacobo - dbchqbfqtxnjxnfeoixfqoaoyu + xwgrqdcgfrfpbc - hax + ofwpinhqugchbjgybxlrrrrwvia + c + uxkpsu + orfziqsav - fsbgnsfbqajx + xarh - xarh - xarh + wegfkbaakupkgdotf + kkcezrcjh = unknown
mxofqmmexjulpdhcfzefbk + kkcezrcjh - hax - xarh = unknown
wegfkbaakupkgdotf + uxkpsu + kkcezrcjh + orfziqsav + plagzl - hxdhisrrzmgs + xwgrqdcgfrfpbc + hxdhisrrzmgs - xarh + c - xarh + bjvehjnlrqys + hxdhisrrzmgs - orfziqsav - dvmotatqph = unknown
pjdoalspaiwmjmubblicxahen + c - xarh = unknown
hctogpjeyeqku - c - ablurufhdwencwaieyjlzmulgq = unknown
pjdoalspaiwmjmubblicxahen + bjvehjnlrqys - wegfkbaakupkgdotf - ky + ablurufhdwencwaieyjlzmulgq - xarh - ofwpinhqugchbjgybxlrrrrwvia - xwgrqdcgfrfpbc + radxzbwedsjjamllfncrgxrswwk - plagzl + eqsostliobjnscszjlbad + ntsyuxe + ablurufhdwencwaieyjlzmulgq = unknown
bjyne + qcvcoacbtnvq + iajeexhtqfeqi - qqcfktszdr + fcr - bstrifnpwdywifeykxbmaskd - ofwpinhqugchbjgybxlrrrrwvia - qqcfktszdr + qqcfktszdr = unknown
xwgrqdcgfrfpbc + qqcfktszdr + qqcfktszdr - plagzl + qqcfktszdr = unknown
ntsyuxe - orfziqsav - xarh - qqcfktszdr - qqcfktszdr - awwrrcovhhnqzgtpchbmrm + qqcfktszdr - qqcfktszdr + qqcfktszdr - qqcfktszdr + qqcfktszdr + qqcfktszdr = unknown
of - ofwpinhqugchbjgybxlrrrrwvia + qqcfktszdr - bjyne + ofwpinhqugchbjgybxlrrrrwvia - qqcfktszdr - qqcfktszdr + ofwpinhqugchbjgybxlrrrrwvia + qqcfktszdr - ofwpinhqugchbjgybxlrrrrwvia + ofwpinhqugchbjgybxlrrrrwvia + qqcfktszdr - ofwpinhqugchbjgybxlrrrrwvia - ofwpinhqugchbjgybxlrrrrwvia + ofwpinhqugchbjgybxlrrrrwvia - qqcfktszdr = unknown
dbchqbfqtxnjxnfeoixfqoaoyu + uirwovbludkbyunsacteahd - tqtvxvwbryslaqbcpqfg - dbchqbfqtxnjxnfeoixfqoaoyu - of - ebyhqtswkwbbaqgodceeus - dbchqbfqtxnjxnfeoixfqoaoyu + uirwovbludkbyunsacteahd + ablurufhdwencwaieyjlzmulgq + ileqvfjmv - gtyacobo = unknown
orfziqsav - dbchqbfqtxnjxnfeoixfqoaoyu + dbchqbfqtxnjxnfeoixfqoaoyu + dbchqbfqtxnjxnfeoixfqoaoyu + dbchqbfqtxnjxnfeoixfqoaoyu - ileqvfjmv + dbchqbfqtxnjxnfeoixfqoaoyu + dbchqbfqtxnjxnfeoixfqoaoyu - dbchqbfqtxnjxnfeoixfqoaoyu + dbchqbfqtxnjxnfeoixfqoaoyu + xwgrqdcgfrfpbc + dbchqbfqtxnjxnfeoixfqoaoyu = unknown
ofwpinhqugchbjgybxlrrrrwvia = unknown
ileqvfjmv = unknown
hxdhisrrzmgs + xhmixzovcio + awwrrcovhhnqzgtpchbmrm + tbch + orfziqsav + awwrrcovhhnqzgtpchbmrm - awwrrcovhhnqzgtpchbmrm = unknown
mxofqmmexjulpdhcfzefbk + wegfkbaakupkgdotf + dbchqbfqtxnjxnfeoixfqoaoyu + awwrrcovhhnqzgtpchbmrm = unknown
c + czs + mt + bjvehjnlrqys + orfziqsav + xwgrqdcgfrfpbc + czs + czs - xhmixzovcio + czs - dbchqbfqtxnjxnfeoixfqoaoyu + xhmixzovcio = unknown
bjvehjnlrqys + mxofqmmexjulpdhcfzefbk + xhmixzovcio + xhmixzovcio - ablurufhdwencwaieyjlzmulgq - mxofqmmexjulpdhcfzefbk - mxofqmmexjulpdhcfzefbk + qcvcoacbtnvq + mxofqmmexjulpdhcfzefbk - ablurufhdwencwaieyjlzmulgq = unknown
c + ofwpinhqugchbjgybxlrrrrwvia - ebyhqtswkwbbaqgodceeus - dbchqbfqtxnjxnfeoixfqoaoyu - tbch + ebyhqtswkwbbaqgodceeus + xhmixzovcio + awwrrcovhhnqzgtpchbmrm - ofwpinhqugchbjgybxlrrrrwvia - tbch - dbchqbfqtxnjxnfeoixfqoaoyu - dbchqbfqtxnjxnfeoixfqoaoyu - ebyhqtswkwbbaqgodceeus = unknown
pjdoalspaiwmjmubblicxahen + orfziqsav + mxofqmmexjulpdhcfzefbk - mt + xhmixzovcio = unknown
mt - qcvcoacbtnvq - ebyhqtswkwbbaqgodceeus - mxofqmmexjulpdhcfzefbk + qqcfktszdr - dbchqbfqtxnjxnfeoixfqoaoyu + qqcfktszdr - gtyacobo = unknown
ebyhqtswkwbbaqgodceeus - hxdhisrrzmgs - mxofqmmexjulpdhcfzefbk + mt - hxdhisrrzmgs + uirwovbludkbyunsacteahd + dbchqbfqtxnjxnfeoixfqoaoyu + dzhxbtfsrtjzjlrgyckelthnypqkb + ofwpinhqugchbjgybxlrrrrwvia + mxofqmmexjulpdhcfzefbk - hxdhisrrzmgs = unknown
bstrifnpwdywifeykxbmaskd + bstrifnpwdywifeykxbmaskd + czs + czs = unknown
mxofqmmexjulpdhcfzefbk - c - ofwpinhqugchbjgybxlrrrrwvia - hxdhisrrzmgs + ebyhqtswkwbbaqgodceeus - ileqvfjmv + plagzl - wegfkbaakupkgdotf + kkcezrcjh - bjyne - qgdw + awwrrcovhhnqzgtpchbmrm = unknown
ileqvfjmv - pjdoalspaiwmjmubblicxahen + ntsyuxe + iajeexhtqfeqi - peznfvb = unknown
hax - iajeexhtqfeqi + pjdoalspaiwmjmubblicxahen + pjdoalspaiwmjmubblicxahen - iajeexhtqfeqi = unknown
pjdoalspaiwmjmubblicxahen - dvmotatqph - pjdoalspaiwmjmubblicxahen - ntsyuxe + mt - fcr - pjdoalspaiwmjmubblicxahen - ntsyuxe - iajeexhtqfeqi = unknown
ablurufhdwencwaieyjlzmulgq - xwgrqdcgfrfpbc + ntsyuxe = unknown
kkcezrcjh - xwgrqdcgfrfpbc + ntsyuxe + tqtvxvwbryslaqbcpqfg + xwgrqdcgfrfpbc - bjyne - tqtvxvwbryslaqbcpqfg + tqtvxvwbryslaqbcpqfg + iajeexhtqfeqi + ntsyuxe + xwgrqdcgfrfpbc - xwgrqdcgfrfpbc + tqtvxvwbryslaqbcpqfg = unknown
uxkpsu - bstrifnpwdywifeykxbmaskd + czs - c - c + dvmotatqph - bstrifnpwdywifeykxbmaskd + peznfvb + ntsyuxe + ntsyuxe + pjdoalspaiwmjmubblicxahen - pjdoalspaiwmjmubblicxahen - tqtvxvwbryslaqbcpqfg + c = unknown
of - tqtvxvwbryslaqbcpqfg - bstrifnpwdywifeykxbmaskd - kkcezrcjh + pjdoalspaiwmjmubblicxahen - pjdoalspaiwmjmubblicxahen - orfziqsav - ablurufhdwencwaieyjlzmulgq + ablurufhdwencwaieyjlzmulgq + kkcezrcjh = unknown
hxdhisrrzmgs = unknown
gtyacobo - tbch - ntsyuxe = unknown
mxofqmmexjulpdhcfzefbk + kkcezrcjh - iajeexhtqfeqi - qqcfktszdr + iajeexhtqfeqi + ablurufhdwencwaieyjlzmulgq + c - kkcezrcjh = unknown
fcr - bjyne - ablurufhdwencwaieyjlzmulgq + iajeexhtqfeqi + bstrifnpwdywifeykxbmaskd + bstrifnpwdywifeykxbmaskd - ky + tbch + bjyne + bjyne - c + ky = unknown
awwrrcovhhnqzgtpchbmrm + bstrifnpwdywifeykxbmaskd - ntsyuxe + bjvehjnlrqys + bjvehjnlrqys - ablurufhdwencwaieyjlzmulgq + dbchqbfqtxnjxnfeoixfqoaoyu - bjyne + pjdoalspaiwmjmubblicxahen = unknown
fsbgnsfbqajx - hax - hax + hax + hax - iajeexhtqfeqi - tqtvxvwbryslaqbcpqfg + hax - hax + hax + hax + hax = unknown
fsbgnsfbqajx + hax + hax + hax + hax - hax - hax = unknown
ileqvfjmv + xhmixzovcio - hax + hax + hax + hax - hax = unknown
plagzl + hax + hax - bjvehjnlrqys = unknown
of + bjvehjnlrqys - hax - bjvehjnlrqys + hax - hax - bjvehjnlrqys - hax + bjvehjnlrqys + hax = unknown
tqtvxvwbryslaqbcpqfg + hax + xwgrqdcgfrfpbc - xwgrqdcgfrfpbc - xwgrqdcgfrfpbc - awwrrcovhhnqzgtpchbmrm - hax - radxzbwedsjjamllfncrgxrswwk + bjvehjnlrqys = unknown
ileqvfjmv + pjdoalspaiwmjmubblicxahen + xwgrqdcgfrfpbc - awwrrcovhhnqzgtpchbmrm + awwrrcovhhnqzgtpchbmrm + xwgrqdcgfrfpbc + hax - dbchqbfqtxnjxnfeoixfqoaoyu - hax + hax - awwrrcovhhnqzgtpchbmrm + awwrrcovhhnqzgtpchbmrm + awwrrcovhhnqzgtpchbmrm = unknown
czs - bjvehjnlrqys + bjvehjnlrqys + bstrifnpwdywifeykxbmaskd + qcvcoacbtnvq + dzhxbtfsrtjzjlrgyckelthnypqkb - xwgrqdcgfrfpbc + hax = unknown
uxkpsu - xwgrqdcgfrfpbc - kkcezrcjh - qcvcoacbtnvq - bjvehjnlrqys + qcvcoacbtnvq - hax + xwgrqdcgfrfpbc - hax + qcvcoacbtnvq + bjvehjnlrqys - xwgrqdcgfrfpbc = unknown
xarh + bjvehjnlrqys - kkcezrcjh - bjvehjnlrqys - kkcezrcjh + xwgrqdcgfrfpbc + of + kkcezrcjh - hax - hax - hax + bjvehjnlrqys - qqcfktszdr = unknown
mxofqmmexjulpdhcfzefbk - bjyne + kkcezrcjh - bjvehjnlrqys + gtyacobo = unknown
kkcezrcjh + iajeexhtqfeqi + tbch + xwgrqdcgfrfpbc - bjvehjnlrqys + hax - qcvcoacbtnvq + awwrrcovhhnqzgtpchbmrm + hax + pjdoalspaiwmjmubblicxahen + radxzbwedsjjamllfncrgxrswwk - xwgrqdcgfrfpbc - hax = unknown
ntsyuxe + pjdoalspaiwmjmubblicxahen - xwgrqdcgfrfpbc = unknown
ky + bjvehjnlrqys - pjdoalspaiwmjmubblicxahen + vwszha - wegfkbaakupkgdotf + bjvehjnlrqys - bjvehjnlrqys + czs + kkcezrcjh + pjdoalspaiwmjmubblicxahen + ebyhqtswkwbbaqgodceeus - kkcezrcjh + bjvehjnlrqys - bjyne = unknown
gtyacobo - kkcezrcjh + bjyne - kkcezrcjh - xwgrqdcgfrfpbc - mxofqmmexjulpdhcfzefbk - bjyne - dbchqbfqtxnjxnfeoixfqoaoyu = unknown
xwgrqdcgfrfpbc + fcr - xarh + fcr - xarh - bjvehjnlrqys = unknown
c + tbch = unknown
hxdhisrrzmgs + xarh + kkcezrcjh + bjvehjnlrqys + eqsostliobjnscszjlbad - bstrifnpwdywifeykxbmaskd - ileqvfjmv + bstrifnpwdywifeykxbmaskd - bjvehjnlrqys + radxzbwedsjjamllfncrgxrswwk - ky = unknown
peznfvb + pjdoalspaiwmjmubblicxahen + ileqvfjmv + bjyne - kkcezrcjh = unknown
ileqvfjmv + tqtvxvwbryslaqbcpqfg - ileqvfjmv + radxzbwedsjjamllfncrgxrswwk + vwszha + fcr + pjdoalspaiwmjmubblicxahen - vwszha - xarh = unknown
vwszha + peznfvb - awwrrcovhhnqzgtpchbmrm - bjvehjnlrqys + xarh + bjvehjnlrqys - tqtvxvwbryslaqbcpqfg + ablurufhdwencwaieyjlzmulgq + xarh - uirwovbludkbyunsacteahd + kkcezrcjh - of + xarh - hax + bjyne + bjvehjnlrqys = unknown
pjdoalspaiwmjmubblicxahen + vwszha + uirwovbludkbyunsacteahd + pjdoalspaiwmjmubblicxahen - dbchqbfqtxnjxnfeoixfqoaoyu - vwszha - bstrifnpwdywifeykxbmaskd + ky - kkcezrcjh = unknown
c + czs = unknown
uirwovbludkbyunsacteahd - tbch - kkcezrcjh + dvmotatqph + ablurufhdwencwaieyjlzmulgq + of + mxofqmmexjulpdhcfzefbk + mxofqmmexjulpdhcfzefbk + plagzl - awwrrcovhhnqzgtpchbmrm - peznfvb + ntsyuxe - kkcezrcjh = unknown
ileqvfjmv + eqsostliobjnscszjlbad - eqsostliobjnscszjlbad + eqsostliobjnscszjlbad - eqsostliobjnscszjlbad - eqsostliobjnscszjlbad - eqsostliobjnscszjlbad - eqsostliobjnscszjlbad + eqsostliobjnscszjlbad = unknown
kkcezrcjh - eqsostliobjnscszjlbad + of + eqsostliobjnscszjlbad + c - wegfkbaakupkgdotf - c + c - wegfkbaakupkgdotf + eqsostliobjnscszjlbad - wegfkbaakupkgdotf + ablurufhdwencwaieyjlzmulgq = unknown
bjyne - xwgrqdcgfrfpbc + xwgrqdcgfrfpbc - xwgrqdcgfrfpbc + xwgrqdcgfrfpbc - pjdoalspaiwmjmubblicxahen - xwgrqdcgfrfpbc - xwgrqdcgfrfpbc - xwgrqdcgfrfpbc - xwgrqdcgfrfpbc + xwgrqdcgfrfpbc - xwgrqdcgfrfpbc = unknown
plagzl - xwgrqdcgfrfpbc = unknown
ileqvfjmv + hctogpjeyeqku - qqcfktszdr + qqcfktszdr = unknown
fsbgnsfbqajx + of - of - of + qqcfktszdr + ebyhqtswkwbbaqgodceeus - qqcfktszdr + ebyhqtswkwbbaqgodceeus - c + qqcfktszdr - qqcfktszdr = unknown
peznfvb - awwrrcovhhnqzgtpchbmrm - of - of - qqcfktszdr + qqcfktszdr - of - qqcfktszdr + ebyhqtswkwbbaqgodceeus = unknown
awwrrcovhhnqzgtpchbmrm + c = unknown
uirwovbludkbyunsacteahd + of + of + of - of = unknown
hctogpjeyeqku - fsbgnsfbqajx + peznfvb + c = unknown
bjyne - gtyacobo - qcvcoacbtnvq - of - c + c = unknown
mxofqmmexjulpdhcfzefbk + pjdoalspaiwmjmubblicxahen = unknown
plagzl - uxkpsu - qcvcoacbtnvq + c + c + qcvcoacbtnvq + qqcfktszdr = unknown
qqcfktszdr - peznfvb + dvmotatqph + qcvcoacbtnvq - of - gtyacobo - ebyhqtswkwbbaqgodceeus - fsbgnsfbqajx + pjdoalspaiwmjmubblicxahen + qqcfktszdr + gtyacobo - ebyhqtswkwbbaqgodceeus = unknown
hctogpjeyeqku + gtyacobo + hax + ebyhqtswkwbbaqgodceeus - fsbgnsfbqajx - ebyhqtswkwbbaqgodceeus + c - fcr + of + ebyhqtswkwbbaqgodceeus + gtyacobo - peznfvb - ofwpinhqugchbjgybxlrrrrwvia + ebyhqtswkwbbaqgodceeus = unknown
c - of = unknown
dzhxbtfsrtjzjlrgyckelthnypqkb - ebyhqtswkwbbaqgodceeus - ofwpinhqugchbjgybxlrrrrwvia + eqsostliobjnscszjlbad + plagzl - fsbgnsfbqajx - gtyacobo - c - hax + eqsostliobjnscszjlbad + xhmixzovcio - ofwpinhqugchbjgybxlrrrrwvia + qqcfktszdr = unknown
bstrifnpwdywifeykxbmaskd + fsbgnsfbqajx - uirwovbludkbyunsacteahd - fsbgnsfbqajx - fsbgnsfbqajx + fsbgnsfbqajx - fsbgnsfbqajx + fsbgnsfbqajx - fsbgnsfbqajx + fsbgnsfbqajx + fsbgnsfbqajx + fsbgnsfbqajx + fsbgnsfbqajx - fsbgnsfbqajx = unknown
ntsyuxe - fsbgnsfbqajx + fsbgnsfbqajx - fsbgnsfbqajx - fsbgnsfbqajx + fsbgnsfbqajx + fsbgnsfbqajx - fsbgnsfbqajx - ebyhqtswkwbbaqgodceeus + fsbgnsfbqajx + radxzbwedsjjamllfncrgxrswwk - fsbgnsfbqajx + awwrrcovhhnqzgtpchbmrm + fsbgnsfbqajx = unknown
pjdoalspaiwmjmubblicxahen - fsbgnsfbqajx - xwgrqdcgfrfpbc + fsbgnsfbqajx + fsbgnsfbqajx + uxkpsu - uxkpsu + uxkpsu - uxkpsu - uxkpsu - uxkpsu - uxkpsu - uxkpsu + uxkpsu + uxkpsu + uxkpsu = unknown
dbchqbfqtxnjxnfeoixfqoaoyu - uxkpsu - dvmotatqph + c - uxkpsu - fsbgnsfbqajx - fsbgnsfbqajx + fsbgnsfbqajx - fsbgnsfbqajx + mxofqmmexjulpdhcfzefbk - bjvehjnlrqys + uxkpsu = unknown
xhmixzovcio + fsbgnsfbqajx + qqcfktszdr - fsbgnsfbqajx + fsbgnsfbqajx - uxkpsu - uxkpsu - qqcfktszdr + uxkpsu - xarh - fsbgnsfbqajx + fsbgnsfbqajx + fsbgnsfbqajx + ileqvfjmv = unknown
mxofqmmexjulpdhcfzefbk + fsbgnsfbqajx + hax - of + fsbgnsfbqajx - fsbgnsfbqajx - fsbgnsfbqajx - uxkpsu + hax = unknown
pjdoalspaiwmjmubblicxahen + c - of + of + of - radxzbwedsjjamllfncrgxrswwk - peznfvb + of - radxzbwedsjjamllfncrgxrswwk - peznfvb = unknown
gtyacobo + radxzbwedsjjamllfncrgxrswwk = unknown
ebyhqtswkwbbaqgodceeus + ntsyuxe - ntsyuxe - ntsyuxe + ntsyuxe + ntsyuxe - ntsyuxe + ntsyuxe + peznfvb - ntsyuxe - awwrrcovhhnqzgtpchbmrm - czs - ntsyuxe + fcr + ntsyuxe = unknown
dbchqbfqtxnjxnfeoixfqoaoyu - dbchqbfqtxnjxnfeoixfqoaoyu - dbchqbfqtxnjxnfeoixfqoaoyu + ntsyuxe - dbchqbfqtxnjxnfeoixfqoaoyu - ntsyuxe - radxzbwedsjjamllfncrgxrswwk = unknown
qqcfktszdr - ntsyuxe = unknown
fsbgnsfbqajx + dbchqbfqtxnjxnfeoixfqoaoyu = unknown
bstrifnpwdywifeykxbmaskd - radxzbwedsjjamllfncrgxrswwk - orfziqsav + ofwpinhqugchbjgybxlrrrrwvia - awwrrcovhhnqzgtpchbmrm + ablurufhdwencwaieyjlzmulgq - vwszha - hax + eqsostliobjnscszjlbad + gtyacobo + dzhxbtfsrtjzjlrgyckelthnypqkb + ablurufhdwencwaieyjlzmulgq + awwrrcovhhnqzgtpchbmrm + ofwpinhqugchbjgybxlrrrrwvia = unknown
peznfvb - hctogpjeyeqku + hctogpjeyeqku - fcr - fcr - fcr - gtyacobo - mt = unknown
fcr + qgdw - fcr + hctogpjeyeqku + eqsostliobjnscszjlbad + qqcfktszdr - orfziqsav - iajeexhtqfeqi - eqsostliobjnscszjlbad = unknown
dvmotatqph + fcr = unknown
vwszha - hctogpjeyeqku + eqsostliobjnscszjlbad - qgdw - ablurufhdwencwaieyjlzmulgq - fcr = unknown
bjvehjnlrqys + xarh + mxofqmmexjulpdhcfzefbk + hctogpjeyeqku + fcr = unknown
xhmixzovcio - xarh + eqsostliobjnscszjlbad - of - vwszha = unknown
qgdw + fcr + plagzl - xarh - xarh + plagzl = unknown
fcr - xhmixzovcio - xhmixzovcio - dbchqbfqtxnjxnfeoixfqoaoyu - xarh + fcr - fcr - tqtvxvwbryslaqbcpqfg + dbchqbfqtxnjxnfeoixfqoaoyu - awwrrcovhhnqzgtpchbmrm - fcr + fcr - fcr + awwrrcovhhnqzgtpchbmrm + hctogpjeyeqku + fcr = unknown
eqsostliobjnscszjlbad - mxofqmmexjulpdhcfzefbk - hctogpjeyeqku + vwszha + dbchqbfqtxnjxnfeoixfqoaoyu = unknown
bjyne - fsbgnsfbqajx + awwrrcovhhnqzgtpchbmrm - xwgrqdcgfrfpbc + tqtvxvwbryslaqbcpqfg - xhmixzovcio - ofwpinhqugchbjgybxlrrrrwvia - mxofqmmexjulpdhcfzefbk - fcr - wegfkbaakupkgdotf + tqtvxvwbryslaqbcpqfg - ablurufhdwencwaieyjlzmulgq - awwrrcovhhnqzgtpchbmrm + tqtvxvwbryslaqbcpqfg - awwrrcovhhnqzgtpchbmrm + awwrrcovhhnqzgtpchbmrm = unknown
c = unknown
czs + tqtvxvwbryslaqbcpqfg + hctogpjeyeqku + tqtvxvwbryslaqbcpqfg + vwszha + awwrrcovhhnqzgtpchbmrm - mxofqmmexjulpdhcfzefbk - hctogpjeyeqku - fcr = unknown
eqsostliobjnscszjlbad - xhmixzovcio + fcr - peznfvb - tqtvxvwbryslaqbcpqfg + tqtvxvwbryslaqbcpqfg - peznfvb + tqtvxvwbryslaqbcpqfg + fcr - qcvcoacbtnvq + peznfvb = unknown
ileqvfjmv + vwszha - ebyhqtswkwbbaqgodceeus + ileqvfjmv - peznfvb - fcr - hax - xhmixzovcio - kkcezrcjh - dbchqbfqtxnjxnfeoixfqoaoyu + fcr = unknown
ofwpinhqugchbjgybxlrrrrwvia - qgdw - xwgrqdcgfrfpbc + tbch + mxofqmmexjulpdhcfzefbk + awwrrcovhhnqzgtpchbmrm - uxkpsu - mxofqmmexjulpdhcfzefbk - hctogpjeyeqku = unknown
gtyacobo + fcr - dbchqbfqtxnjxnfeoixfqoaoyu + vwszha + peznfvb + mxofqmmexjulpdhcfzefbk + iajeexhtqfeqi - hctogpjeyeqku = unknown
dbchqbfqtxnjxnfeoixfqoaoyu - ofwpinhqugchbjgybxlrrrrwvia - xwgrqdcgfrfpbc + peznfvb - xhmixzovcio - mxofqmmexjulpdhcfzefbk - ofwpinhqugchbjgybxlrrrrwvia + dbchqbfqtxnjxnfeoixfqoaoyu - qqcfktszdr = unknown
hax + peznfvb = unknown
fsbgnsfbqajx - tqtvxvwbryslaqbcpqfg - c + fsbgnsfbqajx + mxofqmmexjulpdhcfzefbk + fsbgnsfbqajx - fsbgnsfbqajx - tqtvxvwbryslaqbcpqfg = unknown
bstrifnpwdywifeykxbmaskd - c + tbch - ileqvfjmv - ileqvfjmv + awwrrcovhhnqzgtpchbmrm - awwrrcovhhnqzgtpchbmrm - radxzbwedsjjamllfncrgxrswwk - c - c + gtyacobo - c + czs + ofwpinhqugchbjgybxlrrrrwvia - peznfvb + mxofqmmexjulpdhcfzefbk = unknown
orfziqsav - mt - peznfvb + xhmixzovcio - hctogpjeyeqku + kkcezrcjh - awwrrcovhhnqzgtpchbmrm + awwrrcovhhnqzgtpchbmrm + peznfvb = unknown
peznfvb + mxofqmmexjulpdhcfzefbk + fcr - czs - of + gtyacobo - tqtvxvwbryslaqbcpqfg + awwrrcovhhnqzgtpchbmrm + tbch + xhmixzovcio - dzhxbtfsrtjzjlrgyckelthnypqkb - dzhxbtfsrtjzjlrgyckelthnypqkb + peznfvb - c + radxzbwedsjjamllfncrgxrswwk + mt = unknown
ntsyuxe + kkcezrcjh + tqtvxvwbryslaqbcpqfg - peznfvb - xarh - xarh + xwgrqdcgfrfpbc + xhmixzovcio + mxofqmmexjulpdhcfzefbk - uirwovbludkbyunsacteahd + tbch = unknown
dbchqbfqtxnjxnfeoixfqoaoyu - qgdw + hax - iajeexhtqfeqi + xhmixzovcio + fcr + qqcfktszdr + qcvcoacbtnvq = unknown
fsbgnsfbqajx - c - tqtvxvwbryslaqbcpqfg + qqcfktszdr + tqtvxvwbryslaqbcpqfg + c + c - c + tqtvxvwbryslaqbcpqfg + c - czs + c = unknown
xarh + c + c + tbch + hax + tqtvxvwbryslaqbcpqfg = unknown
dvmotatqph + xwgrqdcgfrfpbc - hax + xwgrqdcgfrfpbc + xwgrqdcgfrfpbc = unknown
xhmixzovcio - xwgrqdcgfrfpbc - xwgrqdcgfrfpbc + xwgrqdcgfrfpbc + mt - xwgrqdcgfrfpbc + xwgrqdcgfrfpbc + xwgrqdcgfrfpbc - xhmixzovcio + xwgrqdcgfrfpbc = unknown
mxofqmmexjulpdhcfzefbk + xhmixzovcio - xhmixzovcio - uxkpsu - bjvehjnlrqys + fsbgnsfbqajx + xwgrqdcgfrfpbc + ileqvfjmv - peznfvb - uxkpsu + mt + mt - uxkpsu + hxdhisrrzmgs + mt = unknown
plagzl + ntsyuxe + peznfvb + peznfvb - uxkpsu = unknown
c - uxkpsu - ntsyuxe - ntsyuxe + vwszha + dzhxbtfsrtjzjlrgyckelthnypqkb - uxkpsu + ntsyuxe + ntsyuxe + dzhxbtfsrtjzjlrgyckelthnypqkb - uxkpsu = unknown
ebyhqtswkwbbaqgodceeus + ntsyuxe - xhmixzovcio - xwgrqdcgfrfpbc + dzhxbtfsrtjzjlrgyckelthnypqkb + peznfvb - ntsyuxe + vwszha + gtyacobo - mt - ileqvfjmv - vwszha = unknown
hax + vwszha + xwgrqdcgfrfpbc + dzhxbtfsrtjzjlrgyckelthnypqkb - xwgrqdcgfrfpbc + uxkpsu - radxzbwedsjjamllfncrgxrswwk = unknown
bjyne - xhmixzovcio - mt + xhmixzovcio - mt = unknown
kkcezrcjh - wegfkbaakupkgdotf + hax - qcvcoacbtnvq - gtyacobo + bjyne = unknown
xarh - xarh - wegfkbaakupkgdotf + wegfkbaakupkgdotf + qcvcoacbtnvq + wegfkbaakupkgdotf = unknown
fcr + qcvcoacbtnvq + xarh + bstrifnpwdywifeykxbmaskd - bstrifnpwdywifeykxbmaskd - wegfkbaakupkgdotf + xarh - orfziqsav + wegfkbaakupkgdotf - xarh + xarh = unknown
xwgrqdcgfrfpbc + xarh - xarh - wegfkbaakupkgdotf - orfziqsav + bstrifnpwdywifeykxbmaskd - qcvcoacbtnvq - bstrifnpwdywifeykxbmaskd - wegfkbaakupkgdotf + hxdhisrrzmgs + wegfkbaakupkgdotf + hxdhisrrzmgs + hxdhisrrzmgs + qcvcoacbtnvq = unknown
of + hxdhisrrzmgs + qcvcoacbtnvq + xarh - fsbgnsfbqajx + wegfkbaakupkgdotf + hxdhisrrzmgs - wegfkbaakupkgdotf + hxdhisrrzmgs = unknown
qqcfktszdr + dzhxbtfsrtjzjlrgyckelthnypqkb + peznfvb + tbch + czs + fsbgnsfbqajx + of = unknown
tqtvxvwbryslaqbcpqfg + plagzl - gtyacobo - eqsostliobjnscszjlbad = unknown
iajeexhtqfeqi + xwgrqdcgfrfpbc = unknown
dvmotatqph + czs + czs + czs + bjvehjnlrqys - czs + bjvehjnlrqys + ebyhqtswkwbbaqgodceeus - czs - ebyhqtswkwbbaqgodceeus = unknown
bstrifnpwdywifeykxbmaskd + czs + ebyhqtswkwbbaqgodceeus + gtyacobo - hxdhisrrzmgs - czs + orfziqsav - peznfvb - czs + ebyhqtswkwbbaqgodceeus - gtyacobo + orfziqsav + bjvehjnlrqys = unknown
plagzl + ebyhqtswkwbbaqgodceeus - ebyhqtswkwbbaqgodceeus - bjvehjnlrqys - ebyhqtswkwbbaqgodceeus - c + ebyhqtswkwbbaqgodceeus - uxkpsu + c + ebyhqtswkwbbaqgodceeus + ebyhqtswkwbbaqgodceeus - orfziqsav + peznfvb = unknown
dvmotatqph + ileqvfjmv + czs - c - c - orfziqsav + qcvcoacbtnvq + ntsyuxe - ky - ebyhqtswkwbbaqgodceeus = unknown
xarh + czs - orfziqsav - bjvehjnlrqys + bjvehjnlrqys + gtyacobo - orfziqsav - ebyhqtswkwbbaqgodceeus = unknown
radxzbwedsjjamllfncrgxrswwk + iajeexhtqfeqi - ofwpinhqugchbjgybxlrrrrwvia + c - ebyhqtswkwbbaqgodceeus + gtyacobo - czs - hxdhisrrzmgs + c - czs + ebyhqtswkwbbaqgodceeus = unknown
qqcfktszdr - ky + gtyacobo - ky + c - dbchqbfqtxnjxnfeoixfqoaoyu - plagzl + qqcfktszdr - ebyhqtswkwbbaqgodceeus + ebyhqtswkwbbaqgodceeus = unknown
tbch - ofwpinhqugchbjgybxlrrrrwvia - ofwpinhqugchbjgybxlrrrrwvia + ofwpinhqugchbjgybxlrrrrwvia - fcr - ofwpinhqugchbjgybxlrrrrwvia + ofwpinhqugchbjgybxlrrrrwvia + uxkpsu = unknown
mxofqmmexjulpdhcfzefbk - tbch - uirwovbludkbyunsacteahd - ofwpinhqugchbjgybxlrrrrwvia + wegfkbaakupkgdotf - ofwpinhqugchbjgybxlrrrrwvia - of + tbch = unknown
wegfkbaakupkgdotf - mxofqmmexjulpdhcfzefbk + mxofqmmexjulpdhcfzefbk + mxofqmmexjulpdhcfzefbk - mxofqmmexjulpdhcfzefbk - mxofqmmexjulpdhcfzefbk - mxofqmmexjulpdhcfzefbk + mxofqmmexjulpdhcfzefbk + mxofqmmexjulpdhcfzefbk + mxofqmmexjulpdhcfzefbk + mxofqmmexjulpdhcfzefbk - of + qcvcoacbtnvq + mxofqmmexjulpdhcfzefbk = unknown
vwszha + radxzbwedsjjamllfncrgxrswwk + pjdoalspaiwmjmubblicxahen - gtyacobo + pjdoalspaiwmjmubblicxahen + mxofqmmexjulpdhcfzefbk - vwszha - eqsostliobjnscszjlbad - pjdoalspaiwmjmubblicxahen + qqcfktszdr + gtyacobo + gtyacobo = unknown
xarh - radxzbwedsjjamllfncrgxrswwk - radxzbwedsjjamllfncrgxrswwk + radxzbwedsjjamllfncrgxrswwk - radxzbwedsjjamllfncrgxrswwk - pjdoalspaiwmjmubblicxahen - radxzbwedsjjamllfncrgxrswwk + bjvehjnlrqys + gtyacobo = unknown
ablurufhdwencwaieyjlzmulgq + mxofqmmexjulpdhcfzefbk - radxzbwedsjjamllfncrgxrswwk + radxzbwedsjjamllfncrgxrswwk + bjyne + pjdoalspaiwmjmubblicxahen + mxofqmmexjulpdhcfzefbk - radxzbwedsjjamllfncrgxrswwk - gtyacobo + pjdoalspaiwmjmubblicxahen - mxofqmmexjulpdhcfzefbk - pjdoalspaiwmjmubblicxahen + xwgrqdcgfrfpbc - gtyacobo - mxofqmmexjulpdhcfzefbk - hctogpjeyeqku = unknown
orfziqsav - gtyacobo - of - ntsyuxe - pjdoalspaiwmjmubblicxahen + hctogpjeyeqku + mxofqmmexjulpdhcfzefbk = unknown
tqtvxvwbryslaqbcpqfg - bstrifnpwdywifeykxbmaskd - orfziqsav + gtyacobo + of + xhmixzovcio + ablurufhdwencwaieyjlzmulgq - plagzl - plagzl = unknown
c - awwrrcovhhnqzgtpchbmrm - wegfkbaakupkgdotf - wegfkbaakupkgdotf + wegfkbaakupkgdotf - xhmixzovcio = unknown
ebyhqtswkwbbaqgodceeus + wegfkbaakupkgdotf + wegfkbaakupkgdotf + plagzl - wegfkbaakupkgdotf - wegfkbaakupkgdotf - ebyhqtswkwbbaqgodceeus - plagzl + wegfkbaakupkgdotf + awwrrcovhhnqzgtpchbmrm - awwrrcovhhnqzgtpchbmrm = unknown
mxofqmmexjulpdhcfzefbk - qgdw + wegfkbaakupkgdotf - ileqvfjmv - bjvehjnlrqys + kkcezrcjh + qgdw - ileqvfjmv - tbch - uxkpsu + radxzbwedsjjamllfncrgxrswwk + bjvehjnlrqys - plagzl + bjvehjnlrqys - hxdhisrrzmgs + ky = unknown
plagzl + dbchqbfqtxnjxnfeoixfqoaoyu - fsbgnsfbqajx + ablurufhdwencwaieyjlzmulgq + tqtvxvwbryslaqbcpqfg - ebyhqtswkwbbaqgodceeus = unknown
qqcfktszdr + fsbgnsfbqajx - of + of - of - of + bstrifnpwdywifeykxbmaskd - of + of - of - of + of + of + of - of - of = unknown
bjyne - iajeexhtqfeqi + bjyne + dbchqbfqtxnjxnfeoixfqoaoyu - bjyne + dbchqbfqtxnjxnfeoixfqoaoyu - bjyne - of + bjvehjnlrqys - bjyne + of = unknown
ofwpinhqugchbjgybxlrrrrwvia + bjyne + bjyne - of + peznfvb = unknown
ntsyuxe - xhmixzovcio - fcr - bjyne + orfziqsav = unknown
ebyhqtswkwbbaqgodceeus + ntsyuxe + ntsyuxe - wegfkbaakupkgdotf + ntsyuxe + ablurufhdwencwaieyjlzmulgq + pjdoalspaiwmjmubblicxahen - xwgrqdcgfrfpbc - plagzl + fcr + ntsyuxe - ntsyuxe + ntsyuxe = unknown
xarh + plagzl - ntsyuxe + dbchqbfqtxnjxnfeoixfqoaoyu + dbchqbfqtxnjxnfeoixfqoaoyu - qcvcoacbtnvq - plagzl - plagzl - plagzl = unknown
hxdhisrrzmgs - dbchqbfqtxnjxnfeoixfqoaoyu + dbchqbfqtxnjxnfeoixfqoaoyu + qcvcoacbtnvq + dbchqbfqtxnjxnfeoixfqoaoyu + plagzl - plagzl + hxdhisrrzmgs + ntsyuxe - qcvcoacbtnvq - hxdhisrrzmgs + plagzl + dbchqbfqtxnjxnfeoixfqoaoyu = unknown
fsbgnsfbqajx - hxdhisrrzmgs + hxdhisrrzmgs - qcvcoacbtnvq + ntsyuxe - dbchqbfqtxnjxnfeoixfqoaoyu + bstrifnpwdywifeykxbmaskd - hxdhisrrzmgs = unknown
bjyne - ileqvfjmv - ablurufhdwencwaieyjlzmulgq + ablurufhdwencwaieyjlzmulgq + bjvehjnlrqys + uxkpsu + ablurufhdwencwaieyjlzmulgq - ntsyuxe + qcvcoacbtnvq - xhmixzovcio + hxdhisrrzmgs - bstrifnpwdywifeykxbmaskd - dbchqbfqtxnjxnfeoixfqoaoyu + ileqvfjmv + ntsyuxe = unknown
mt - uxkpsu - ntsyuxe + dbchqbfqtxnjxnfeoixfqoaoyu + ntsyuxe - mt + ileqvfjmv + plagzl + qqcfktszdr - dbchqbfqtxnjxnfeoixfqoaoyu + ntsyuxe - xhmixzovcio + hax = unknown
tbch + qqcfktszdr - bstrifnpwdywifeykxbmaskd + ntsyuxe - mt - hax + dbchqbfqtxnjxnfeoixfqoaoyu = unknown
qqcfktszdr - hxdhisrrzmgs + xhmixzovcio - uxkpsu + uxkpsu + hxdhisrrzmgs = unknown
xwgrqdcgfrfpbc - ntsyuxe + dzhxbtfsrtjzjlrgyckelthnypqkb + bstrifnpwdywifeykxbmaskd + ablurufhdwencwaieyjlzmulgq + dbchqbfqtxnjxnfeoixfqoaoyu + uxkpsu - bstrifnpwdywifeykxbmaskd - ileqvfjmv - hxdhisrrzmgs + bjvehjnlrqys + dbchqbfqtxnjxnfeoixfqoaoyu - dzhxbtfsrtjzjlrgyckelthnypqkb + dzhxbtfsrtjzjlrgyckelthnypqkb = unknown
bstrifnpwdywifeykxbmaskd + peznfvb + plagzl + qcvcoacbtnvq - dbchqbfqtxnjxnfeoixfqoaoyu + ablurufhdwencwaieyjlzmulgq - ntsyuxe - dbchqbfqtxnjxnfeoixfqoaoyu + peznfvb + dzhxbtfsrtjzjlrgyckelthnypqkb - xhmixzovcio + mt - radxzbwedsjjamllfncrgxrswwk = unknown
dzhxbtfsrtjzjlrgyckelthnypqkb - qqcfktszdr + dbchqbfqtxnjxnfeoixfqoaoyu + bstrifnpwdywifeykxbmaskd + xhmixzovcio = unknown
kkcezrcjh - qcvcoacbtnvq + bjvehjnlrqys + qcvcoacbtnvq - bjvehjnlrqys - qcvcoacbtnvq + qcvcoacbtnvq - ebyhqtswkwbbaqgodceeus + qcvcoacbtnvq + qcvcoacbtnvq + qcvcoacbtnvq + c - bjvehjnlrqys = unknown
vwszha + bjvehjnlrqys + qcvcoacbtnvq - bstrifnpwdywifeykxbmaskd - bjvehjnlrqys + kkcezrcjh + qcvcoacbtnvq - bjvehjnlrqys - bjvehjnlrqys + bjvehjnlrqys + qcvcoacbtnvq - ablurufhdwencwaieyjlzmulgq - wegfkbaakupkgdotf = unknown
xarh - xwgrqdcgfrfpbc + hctogpjeyeqku + qcvcoacbtnvq + bjvehjnlrqys + qcvcoacbtnvq - tbch + bjvehjnlrqys + hctogpjeyeqku - qcvcoacbtnvq - qqcfktszdr = unknown
of + awwrrcovhhnqzgtpchbmrm - qcvcoacbtnvq + radxzbwedsjjamllfncrgxrswwk + qcvcoacbtnvq + bstrifnpwdywifeykxbmaskd + ebyhqtswkwbbaqgodceeus + bstrifnpwdywifeykxbmaskd + bjvehjnlrqys - bjvehjnlrqys = unknown
dzhxbtfsrtjzjlrgyckelthnypqkb - dbchqbfqtxnjxnfeoixfqoaoyu - dbchqbfqtxnjxnfeoixfqoaoyu - bjvehjnlrqys - qcvcoacbtnvq + bstrifnpwdywifeykxbmaskd + ablurufhdwencwaieyjlzmulgq - ebyhqtswkwbbaqgodceeus - awwrrcovhhnqzgtpchbmrm - ebyhqtswkwbbaqgodceeus = unknown
vwszha + radxzbwedsjjamllfncrgxrswwk + mxofqmmexjulpdhcfzefbk = unknown
vwszha + mxofqmmexjulpdhcfzefbk - mxofqmmexjulpdhcfzefbk - mxofqmmexjulpdhcfzefbk - mxofqmmexjulpdhcfzefbk - mxofqmmexjulpdhcfzefbk + mxofqmmexjulpdhcfzefbk + mxofqmmexjulpdhcfzefbk + mxofqmmexjulpdhcfzefbk + czs + uxkpsu - mxofqmmexjulpdhcfzefbk + mxofqmmexjulpdhcfzefbk - mxofqmmexjulpdhcfzefbk - xarh = unknown
peznfvb - ablurufhdwencwaieyjlzmulgq + mt + mt - hax - mt = unknown
hxdhisrrzmgs - mt = unknown
eqsostliobjnscszjlbad + hax - peznfvb + peznfvb + orfziqsav + uxkpsu + qcvcoacbtnvq = unknown
wegfkbaakupkgdotf + uxkpsu + uxkpsu + uxkpsu - uxkpsu + fsbgnsfbqajx = unknown
fsbgnsfbqajx - mt = unknown
mxofqmmexjulpdhcfzefbk - c - c - c - uxkpsu - uxkpsu + uxkpsu + c - ablurufhdwencwaieyjlzmulgq - uxkpsu = unknown
radxzbwedsjjamllfncrgxrswwk - qgdw - kkcezrcjh - qgdw + uxkpsu - ablurufhdwencwaieyjlzmulgq - iajeexhtqfeqi + qgdw - wegfkbaakupkgdotf + uxkpsu - kkcezrcjh - c + c - qgdw - c = unknown
bjvehjnlrqys + tqtvxvwbryslaqbcpqfg - iajeexhtqfeqi + kkcezrcjh + dzhxbtfsrtjzjlrgyckelthnypqkb = unknown
fcr - kkcezrcjh - hctogpjeyeqku + dvmotatqph - kkcezrcjh - kkcezrcjh - c + kkcezrcjh - uxkpsu + uxkpsu + c - uxkpsu - radxzbwedsjjamllfncrgxrswwk = unknown
peznfvb = unknown
bjyne + iajeexhtqfeqi + qgdw + iajeexhtqfeqi - ebyhqtswkwbbaqgodceeus - iajeexhtqfeqi + iajeexhtqfeqi - iajeexhtqfeqi + c - iajeexhtqfeqi - kkcezrcjh - qgdw + bstrifnpwdywifeykxbmaskd = unknown
peznfvb - hax - dzhxbtfsrtjzjlrgyckelthnypqkb + dzhxbtfsrtjzjlrgyckelthnypqkb + dzhxbtfsrtjzjlrgyckelthnypqkb + dzhxbtfsrtjzjlrgyckelthnypqkb - hax - hax - dzhxbtfsrtjzjlrgyckelthnypqkb + hax + c - dzhxbtfsrtjzjlrgyckelthnypqkb - hax + vwszha - hax = unknown
plagzl + hax + dzhxbtfsrtjzjlrgyckelthnypqkb - xwgrqdcgfrfpbc - dzhxbtfsrtjzjlrgyckelthnypqkb + dzhxbtfsrtjzjlrgyckelthnypqkb + hax + hax - radxzbwedsjjamllfncrgxrswwk + dzhxbtfsrtjzjlrgyckelthnypqkb + hax - dzhxbtfsrtjzjlrgyckelthnypqkb + xwgrqdcgfrfpbc = unknown
uirwovbludkbyunsacteahd + xwgrqdcgfrfpbc + xwgrqdcgfrfpbc + ntsyuxe + czs + dzhxbtfsrtjzjlrgyckelthnypqkb + fcr - hax - xwgrqdcgfrfpbc + xwgrqdcgfrfpbc = unknown
gtyacobo - hax - wegfkbaakupkgdotf - qcvcoacbtnvq = unknown
dzhxbtfsrtjzjlrgyckelthnypqkb + tbch = unknown
ntsyuxe - tqtvxvwbryslaqbcpqfg + tqtvxvwbryslaqbcpqfg - tqtvxvwbryslaqbcpqfg + ablurufhdwencwaieyjlzmulgq + tqtvxvwbryslaqbcpqfg - tqtvxvwbryslaqbcpqfg + tqtvxvwbryslaqbcpqfg + ileqvfjmv - tqtvxvwbryslaqbcpqfg - tqtvxvwbryslaqbcpqfg - ablurufhdwencwaieyjlzmulgq + ablurufhdwencwaieyjlzmulgq + ablurufhdwencwaieyjlzmulgq + ablurufhdwencwaieyjlzmulgq = unknown
kkcezrcjh + tqtvxvwbryslaqbcpqfg - czs + czs + plagzl + czs + plagzl - czs + plagzl - hax - ablurufhdwencwaieyjlzmulgq + czs + ablurufhdwencwaieyjlzmulgq + ablurufhdwencwaieyjlzmulgq = unknown
qcvcoacbtnvq + dzhxbtfsrtjzjlrgyckelthnypqkb - czs + ablurufhdwencwaieyjlzmulgq - dbchqbfqtxnjxnfeoixfqoaoyu + orfziqsav + plagzl + iajeexhtqfeqi = unknown
gtyacobo - iajeexhtqfeqi - tqtvxvwbryslaqbcpqfg - ntsyuxe - hctogpjeyeqku + plagzl + qcvcoacbtnvq - iajeexhtqfeqi + tqtvxvwbryslaqbcpqfg - bjvehjnlrqys + ebyhqtswkwbbaqgodceeus = unknown
hax + eqsostliobjnscszjlbad = unknown
bjvehjnlrqys + xhmixzovcio = unknown
iajeexhtqfeqi + c - bjyne + ablurufhdwencwaieyjlzmulgq + hax + hctogpjeyeqku + iajeexhtqfeqi - czs + tqtvxvwbryslaqbcpqfg - plagzl + iajeexhtqfeqi = unknown
c - iajeexhtqfeqi + hax + plagzl - iajeexhtqfeqi + iajeexhtqfeqi + bjyne = unknown
mt + uxkpsu - plagzl - dvmotatqph - fcr - dvmotatqph + c - bjyne = unknown
of + tqtvxvwbryslaqbcpqfg - hax - bjyne = unknown
radxzbwedsjjamllfncrgxrswwk = unknown
eqsostliobjnscszjlbad + ablurufhdwencwaieyjlzmulgq = unknown
uirwovbludkbyunsacteahd - wegfkbaakupkgdotf + eqsostliobjnscszjlbad - iajeexhtqfeqi + dbchqbfqtxnjxnfeoixfqoaoyu - dvmotatqph + xarh - gtyacobo = unknown
tqtvxvwbryslaqbcpqfg = unknown
fcr - c + mxofqmmexjulpdhcfzefbk + c - wegfkbaakupkgdotf - c - bstrifnpwdywifeykxbmaskd - c - c - c - dzhxbtfsrtjzjlrgyckelthnypqkb + c + c + c = unknown
qgdw + orfziqsav - bjyne + bjyne - orfziqsav + orfziqsav - bjyne - orfziqsav = unknown
dbchqbfqtxnjxnfeoixfqoaoyu - bjyne + hxdhisrrzmgs + bjyne - dzhxbtfsrtjzjlrgyckelthnypqkb - bjyne + fcr + dzhxbtfsrtjzjlrgyckelthnypqkb - bjyne + bjyne - bjyne - orfziqsav - dzhxbtfsrtjzjlrgyckelthnypqkb + orfziqsav - bjyne = unknown
dvmotatqph - ofwpinhqugchbjgybxlrrrrwvia + ofwpinhqugchbjgybxlrrrrwvia - ofwpinhqugchbjgybxlrrrrwvia + ofwpinhqugchbjgybxlrrrrwvia + ablurufhdwencwaieyjlzmulgq + ofwpinhqugchbjgybxlrrrrwvia - ofwpinhqugchbjgybxlrrrrwvia - ofwpinhqugchbjgybxlrrrrwvia + uirwovbludkbyunsacteahd - ofwpinhqugchbjgybxlrrrrwvia - ofwpinhqugchbjgybxlrrrrwvia - ofwpinhqugchbjgybxlrrrrwvia - awwrrcovhhnqzgtpchbmrm + ofwpinhqugchbjgybxlrrrrwvia = unknown
bstrifnpwdywifeykxbmaskd + hax + dzhxbtfsrtjzjlrgyckelthnypqkb + peznfvb - qqcfktszdr + xhmixzovcio = unknown
hxdhisrrzmgs + mxofqmmexjulpdhcfzefbk + fcr = unknown
uxkpsu - vwszha + tqtvxvwbryslaqbcpqfg = unknown
hxdhisrrzmgs - hax + czs = unknown
iajeexhtqfeqi + czs + eqsostliobjnscszjlbad - hax - hax + hax - hax = unknown
czs + c + wegfkbaakupkgdotf - of = unknown
c - uirwovbludkbyunsacteahd - plagzl + wegfkbaakupkgdotf + hax + hax - wegfkbaakupkgdotf - wegfkbaakupkgdotf + wegfkbaakupkgdotf - wegfkbaakupkgdotf - plagzl + pjdoalspaiwmjmubblicxahen + gtyacobo - ky + wegfkbaakupkgdotf = unknown
bjvehjnlrqys + hax + hax = unknown
awwrrcovhhnqzgtpchbmrm + xwgrqdcgfrfpbc + hctogpjeyeqku + dzhxbtfsrtjzjlrgyckelthnypqkb - iajeexhtqfeqi - bjvehjnlrqys = unknown
xwgrqdcgfrfpbc - mt + mt = unknown
tbch + bjyne + c - bjyne + bjyne + bjyne - bjyne - bjyne = unknown
ablurufhdwencwaieyjlzmulgq + czs + mt + mt - bjyne - mt + bjyne - bjyne = unknown
ebyhqtswkwbbaqgodceeus - bjyne - mt + mt - mt + bjyne + tqtvxvwbryslaqbcpqfg + bjyne + bjyne + mt + mt + bjyne - hctogpjeyeqku - mt + tqtvxvwbryslaqbcpqfg - mt = unknown
fsbgnsfbqajx + bjyne - mt + bjyne - mt + c + bjyne = unknown
dbchqbfqtxnjxnfeoixfqoaoyu - gtyacobo - uirwovbludkbyunsacteahd + bjyne + gtyacobo - mt - mt - mt - uirwovbludkbyunsacteahd + mt + bjyne + pjdoalspaiwmjmubblicxahen - uirwovbludkbyunsacteahd = unknown
ofwpinhqugchbjgybxlrrrrwvia - kkcezrcjh + mt - gtyacobo + ileqvfjmv + orfziqsav = unknown
ablurufhdwencwaieyjlzmulgq - bjyne + gtyacobo + gtyacobo + ileqvfjmv + bjyne + hax - gtyacobo + gtyacobo - mt = unknown
ntsyuxe + ileqvfjmv - bjyne + gtyacobo - ileqvfjmv - mt + ileqvfjmv - bjyne - mxofqmmexjulpdhcfzefbk = unknown
c + gtyacobo - ileqvfjmv + bjyne - awwrrcovhhnqzgtpchbmrm - uxkpsu - ileqvfjmv + mxofqmmexjulpdhcfzefbk - bjyne - bjyne - bjyne - bjyne - fsbgnsfbqajx + bjyne + ileqvfjmv = unknown
gtyacobo + mxofqmmexjulpdhcfzefbk + gtyacobo - iajeexhtqfeqi + ileqvfjmv + bjyne - gtyacobo - mxofqmmexjulpdhcfzefbk + ileqvfjmv = unknown
radxzbwedsjjamllfncrgxrswwk = unknown
fsbgnsfbqajx + ileqvfjmv + bjyne - ileqvfjmv - fcr = unknown
of - fcr = unknown
fcr - wegfkbaakupkgdotf - qgdw + xarh + xarh - xarh - pjdoalspaiwmjmubblicxahen - xarh + xhmixzovcio - qgdw + qgdw = unknown
ntsyuxe + peznfvb - peznfvb + peznfvb + peznfvb - xarh - xarh = unknown
dbchqbfqtxnjxnfeoixfqoaoyu + pjdoalspaiwmjmubblicxahen + xarh - ofwpinhqugchbjgybxlrrrrwvia + qgdw + qgdw - ky - radxzbwedsjjamllfncrgxrswwk - ky = unknown
gtyacobo - peznfvb - qgdw - ky + ky + peznfvb - xarh - xarh + qgdw = unknown
qgdw + ky = unknown
hctogpjeyeqku - c - c + c - hctogpjeyeqku + c - hctogpjeyeqku + c + radxzbwedsjjamllfncrgxrswwk + c + c + c - hctogpjeyeqku + hctogpjeyeqku + peznfvb = unknown
mxofqmmexjulpdhcfzefbk = mxofqmmexjulpdhcfzefbk
ofwpinhqugchbjgybxlrrrrwvia - uirwovbludkbyunsacteahd - mxofqmmexjulpdhcfzefbk - uirwovbludkbyunsacteahd + eqsostliobjnscszjlbad - hctogpjeyeqku + ky = unknown
uxkpsu - mxofqmmexjulpdhcfzefbk + mxofqmmexjulpdhcfzefbk - hctogpjeyeqku - c - ofwpinhqugchbjgybxlrrrrwvia + czs - hctogpjeyeqku - hctogpjeyeqku + uirwovbludkbyunsacteahd + hctogpjeyeqku - hctogpjeyeqku - iajeexhtqfeqi - hctogpjeyeqku = unknown
bjyne + qgdw + hctogpjeyeqku + xwgrqdcgfrfpbc - eqsostliobjnscszjlbad + ofwpinhqugchbjgybxlrrrrwvia + ofwpinhqugchbjgybxlrrrrwvia - hctogpjeyeqku - mxofqmmexjulpdhcfzefbk + ileqvfjmv - c + dvmotatqph + ileqvfjmv - c = unknown
iajeexhtqfeqi - wegfkbaakupkgdotf - peznfvb + gtyacobo = unknown
bjyne + kkcezrcjh + c - awwrrcovhhnqzgtpchbmrm + xwgrqdcgfrfpbc - wegfkbaakupkgdotf - ebyhqtswkwbbaqgodceeus - qcvcoacbtnvq + hctogpjeyeqku + fcr - eqsostliobjnscszjlbad - hctogpjeyeqku + xarh = unknown
qcvcoacbtnvq - ebyhqtswkwbbaqgodceeus + vwszha - ebyhqtswkwbbaqgodceeus + awwrrcovhhnqzgtpchbmrm - ebyhqtswkwbbaqgodceeus - ebyhqtswkwbbaqgodceeus - awwrrcovhhnqzgtpchbmrm = unknown
fcr - awwrrcovhhnqzgtpchbmrm + ky + awwrrcovhhnqzgtpchbmrm + ebyhqtswkwbbaqgodceeus - awwrrcovhhnqzgtpchbmrm - ablurufhdwencwaieyjlzmulgq + awwrrcovhhnqzgtpchbmrm - awwrrcovhhnqzgtpchbmrm + awwrrcovhhnqzgtpchbmrm + awwrrcovhhnqzgtpchbmrm = unknown
eqsostliobjnscszjlbad + ebyhqtswkwbbaqgodceeus - ablurufhdwencwaieyjlzmulgq + bstrifnpwdywifeykxbmaskd - ablurufhdwencwaieyjlzmulgq - tqtvxvwbryslaqbcpqfg = unknown
uirwovbludkbyunsacteahd - ablurufhdwencwaieyjlzmulgq - ebyhqtswkwbbaqgodceeus + ebyhqtswkwbbaqgodceeus = unknown
ky + bjvehjnlrqys + bjvehjnlrqys + bjvehjnlrqys + bjvehjnlrqys + bjvehjnlrqys + bjvehjnlrqys + bjvehjnlrqys + mxofqmmexjulpdhcfzefbk - bjvehjnlrqys + bjvehjnlrqys + bjvehjnlrqys - bjvehjnlrqys + ofwpinhqugchbjgybxlrrrrwvia - bjvehjnlrqys = unknown
xhmixzovcio + bjvehjnlrqys - bjvehjnlrqys + bjvehjnlrqys = unknown
hax - bjvehjnlrqys + fcr + vwszha - xarh - ntsyuxe - hax = unknown
iajeexhtqfeqi - vwszha - czs + czs + c - czs + ileqvfjmv - c - kkcezrcjh = unknown
bstrifnpwdywifeykxbmaskd + czs - czs = unknown
fcr + uirwovbludkbyunsacteahd + iajeexhtqfeqi + mxofqmmexjulpdhcfzefbk - pjdoalspaiwmjmubblicxahen = unknown
tbch - czs - bjyne + kkcezrcjh + hxdhisrrzmgs - bjyne = unknown
dzhxbtfsrtjzjlrgyckelthnypqkb - ky - plagzl - c + ileqvfjmv = unknown
mt - fsbgnsfbqajx + ablurufhdwencwaieyjlzmulgq + fsbgnsfbqajx - vwszha + ablurufhdwencwaieyjlzmulgq + fsbgnsfbqajx - fsbgnsfbqajx + fsbgnsfbqajx + fsbgnsfbqajx - fsbgnsfbqajx + of - ablurufhdwencwaieyjlzmulgq + fsbgnsfbqajx + fsbgnsfbqajx = unknown
ky + ablurufhdwencwaieyjlzmulgq - fsbgnsfbqajx = unknown
of - ablurufhdwencwaieyjlzmulgq - fsbgnsfbqajx - dbchqbfqtxnjxnfeoixfqoaoyu + fsbgnsfbqajx = unknown
awwrrcovhhnqzgtpchbmrm - ablurufhdwencwaieyjlzmulgq + fsbgnsfbqajx - fsbgnsfbqajx = unknown
radxzbwedsjjamllfncrgxrswwk - qgdw + mt - ablurufhdwencwaieyjlzmulgq = unknown
plagzl - bstrifnpwdywifeykxbmaskd + of - fsbgnsfbqajx - dvmotatqph + qgdw - xwgrqdcgfrfpbc - ablurufhdwencwaieyjlzmulgq + dvmotatqph = unknown
dzhxbtfsrtjzjlrgyckelthnypqkb - radxzbwedsjjamllfncrgxrswwk + radxzbwedsjjamllfncrgxrswwk + ablurufhdwencwaieyjlzmulgq - radxzbwedsjjamllfncrgxrswwk + qgdw = unknown
hxdhisrrzmgs + wegfkbaakupkgdotf - radxzbwedsjjamllfncrgxrswwk - fsbgnsfbqajx + czs - qgdw - radxzbwedsjjamllfncrgxrswwk - dvmotatqph + dvmotatqph - dvmotatqph + fsbgnsfbqajx - fsbgnsfbqajx - ablurufhdwencwaieyjlzmulgq - tqtvxvwbryslaqbcpqfg = unknown
