55092
11296
10860
1650
18225
9704
3909
27340
23894
9093
32
8843
9673
4931
6231
2993
740
2164
29970
17683
6690
7046
183298
5659
3805
26679
29063
8258
61870
7528
14924
3399
5117
1779
4569
8868
7244
17331
392
3922
9895
18013
9509
1972
7983
95
8925
3927
23979
15222
349637
2197
83758
5723
4734
117
9264
7825
14695
524
69
146994
5126
202609
2443
7395
9509
70369
6728
8126
8118
3489
2053
22920
7460
9694
7971
7860
5916
1839
23317
7507
114441
187596
983
23905
5038
1554
15299
6315
3224
9090
63777
3244
790
5243
6438
11468
942
2648
9713
11122
290
2787
15226
8763
3242
20326
1154
6872
220257
12129
4079
611
3670
5368
491
8242
43203
9962
6365
9133
14002
9098
771
4191
10024
15738
1632
3604
545828
9778
9193
9326
1744
4098
21166
2241
7930
6716
11481
15309
3812
1584
13461
2286
7156
187
6624
6139
21152
3090
9606
6889
17855
10937
176194
8785
12571
16186
9841
3611
4397
4877
8487
18922
8033
6764
6720
10209
84309
53730
13639
32981
4257
7584
8858
5346
7528
45044
6042
6309
15177
4900
4376
4904
10484
5597
2647
270
11501
19474
5984
1671
8009
11200
12254
100912
3893
10407
2681
75027
10256
8018
324
9527
577
5450
2155
569
271023
7893
13907
11468
19079
8769
14799
44407
32058
441831
8371
11943
42485
9887
306
29348
9722
953
7487
18723
269890
9186
33860
46641
8404
224502
4592
14671
25473
2992
4396
50801
38094
878
2979
12156
17462
9739
22810
5283
3042
1704
436
4463
2862
7487
1648
7390
8002
6995
1722
6221
3084
17494
20834
8395
8489
2987
8858
4104
9435
3747
9785
2755
6119
43385
11365
8945
35485
5453
2178
2839
17337
5451
7643
7488
4739
34710
10435
4329
567
23005
9347
2865
11901
10892
5708
14018
2998
13152
108
4405
9069
5680
3501
9058
11396
3989
9157
4077
4534
12229
3205
1566
15281
12471
1611
786
7405
4689
3050
14175
4592
8631
7705
5483
19816
16420
15669
228514
6648
7217
49699
14073
1365
4784
7396
8311
20750
16280
9070
730
10124
9080
14422
294
4675
4561
27572
24721
5045
4156
5734
10131
1864
472
3571
5266
24049
23676
11947
7555
7464
11718
8749
266
33815
18316
18490
6300
2245
33030
1451
11468
4846
3907
8725
9994
6392
6874
9737
2025
38572
5888
4503
8372
17101
9755
6606
16512
7957
178370
29639
5591
30247
11390
1016
28794
7797
632
8962
3758
11119
3467
3449
7251
7918
1519
42516
463
19945
910
3880
2197
91079
10149
12866
7763
9154
5884
3477
35431
10820
21489
10568
6113
15135
2059
16284
4558
3723
6620
17640
3001
2398
3729
24283
5152
10242
10937
4957
6086
9445
1867
51778
9911
10556
7082
6662
40
4420
1013
8301
9493
4845
4932
2120
10721
14604
39370
24042
34193
8094
1124
6333
13444
5958
18984
11951
12479
10468
13195
6537
3571
333
2575
9423
23936
963
7257
307
4357
7531
20611
1004
14558
5710
8986
10734
8836
5065
2556
11299
18424
10136
12758
9410
13558
22471
100063
10097
7527
7521
2958
3606
1355
7728
6996
2005
707
12458
971
3725
2523
16584
12291
7619
10088
10831
2506
295
5502
501
12545
4790
17363
13604
18446
49672
5618
13512
4210
18255
