28455
569
2928
13169
11810
4233
12687
10201
110527
20866
763
4744
12860
9987
328
1667
6831
554
42534
15729
9850
7413
2150
4357
16530
29209
7092
37565
9455
516032
29647
23712
4747
2084
8520
11454
4073
18265
4405
184
6453
8307
4533
6679
11049
8937
1558
6923
3416
16250
734
8902
44422
16279
21418
15977
41545
9419
13605
2881
13038
9259
2054
8569
18853
9522
5234
16286
6967
2328
2416
668
17606
3884
2674
2134
4911
9363
8781
6374
14783
4642
12822
122495
30380
13714
1634
38255
4877
10354
13398
18040
7184
11706
3171
10338
5166
9149
9679
1332
2289
8823
40213
8595
12175
29248
557
1434
22579
27562
1976
7113
30332
2668
9609
10109
5708
5724
4816
3312
11803
1125
10184
32436
16318
11600
962
521
6857
7465
2443
3735
3719
402
9965
72453
9232
25764
57449
21414
11206
2164
5561
4471
8130
8927
7697
4552
19831
15123
5991
3808
4982
1186
8509
109773
3043
4489
9512
15846
5980
6869
1037
28
4422
5522
14374
13007
22302
6105
20480
4457
7949
6910
5403
8201
3679
10834
1007
9057
8409
4789
7997
6695
24498
855
6697
1929
14421
4247
8111
10148
4544
3281
7611
6611
3239
12028
13119
6674
3252
6797
9504
1451
4262
16090
5732
8141
18329
31415
2861
5611
193
5267
2294
10379
23407
10203
91965
47310
6654
15726
5810
13667
1747
1892
3241
9629
10680
889
2585
4825
9349
1033
604
1727
88751
5362
234008
2071
3425
4015
14530
3813
14288
7062
4694
3520
6411
27155
30944
4354
9203
260
661
14201
1140
3466
14194
8044
10750
1899
9408
8203
2826
4848
3969
7895
2008
2622
6017
51678
7691
6480
11761
8794
13264
18701
10756
46312
3226
7432
11965
14026
6430
37884
3457
16243
2589
8701
16425
20527
26833
8384
1875
6315
9883
5433
39186
10826
9033
23972
9611
18604
13386
5864
9070
3389
10606
37914
9992
5769
860
5855
11555
4355
2472
7229
7450
1535
13055
9885
1725
7653
145866
2054
5989
5632
17639
17733
8921
6642
826
58101
4393
11798
2581
4371
11057
1619
7500
7592
11668
5886
9160
2356
9698
2737
8558
28102
60098
1000
2158
7709
6219
9380
548
13045
13425
5818
10357
4404
23737
7637
25633
19859
13298
5177
1074
4826
6018
10439
5644
1555
12589
341
8838
2205
12875
4095
10350
6553
3800
10554
13261
4700
2908
16299
14814
12040
26
2477
1098
27956
1179
10875
643
3124
1814
5270
1459
99615
762
387
5943
39254
5099
10430
7044
18779
13432
11809
6842
9041
6815
7433
2
9931
8487
9420
16017
53596
8399
9112
14889
1419
6795
10777
11817
7184
8027
8198
6817
110
6517
2643
3338
6786
884
11616
52543
5746
135848
11602
9030
10257
10830
2705
3801
9044
4413
9037
3204
4795
7910
40712
9003
5973
9095
9150
3185
16137
6951
28702
5937
23129
11656
7349
8766
9294
1490
68926
3427
51921
9140
5937
52567
5991
3514
11520
10020
711
3381
13878
6218
32184
7378
7845
11306
10273
22967
3344
10426
9343
3408
7209
9238
2124
547833
3568
4267
1804
9870
25959
3156
24524
3464
3868
3421
7426
9970
10017
10356
92129
5098
38120
7953
6876
58402
7858
3856
1241
1199
328
6646
5563
10714
10976
1174
5334
40215
4425
4301
2138
6417
10817
22881
26292
11167
12833
25373
14081
14915
7014
12098
24856
8737
19765
6271
33479
14129
33524
1307
4203
8379
4760
4363
6356
8130
8952
1144
8555
4154
8070
3168
9160
12223
123975
14846
4348
4976
11692
5733
14546
2123
82198
6609
36795
12142
4295
4550
5657
1858
6790
14718
47258
6709
142840
4509
12459
1230
10603
5813
28191
9643
7434
22379
87029
11932
25489
10625
672
2550
3451
8291
10237
9596
50066
4305
10054
55565
9797
50607
8540
302
35445
28224
20342
6911
8279
17477
3948
2693
6239
7607
9234
7403
378
11723
6011
8113
6590
18679
5263
46353
4874
8028
1473
19369
8933
222
10419
3041
19768
1106
11336
4309
1084
4452
87
426
42518
7726
5612
8179
32338
21665
6371
5148
29680
423
4464
1512
1375
4608
5995
14492
559579
5436
2665
62624
592
6038
6985
8071
10838
8115
986
8408
9917
3234
7131
8133
7317
5414
1794
7025
6949
7608
3757
8487
12169
3273
17419
34026
7087
9789
1937
6869
7275
4446
5923
7413
7542
492
4843
45552
9079
11853
8054
10177
11050
