10371
285
73889
8003
5254
4928
37541
64463
18415
2156
11712
4755
48835
10946
3086
5375
7763
13900
2932
8354
5867
11712
6453
233894
7412
9224
87233
5939
14231
75452
269
3809
19120
8426
9023
2431
7141
13296
5283
26946
3196
11114
101382
7382
7399
52800
17505
10518
7206
25134
25572
11444
20857
3257
9164
33743
7675
2909
6007
5494
6726
3401
4469
1888
10357
8164
9317
1288
90282
9639
5224
8488
8371
17253
4558
16724
27086
2536
1488
5808
8963
9282
9403
9827
57487
6552
25614
9392
19739
603
152725
10872
4430
8123
20420
4110
5039
50334
5083
20952
12386
54979
9028
86140
7863
22423
11046
7906
12567
6902
9201
3676
54887
39316
8768
10234
6493
75921
10522
9807
13546
1670
14345
18117
8476
7974
5018
2340
7756
8511
7617
557746
125
5867
8473
5264
13386
20052
15115
15017
1543
4524
14627
5930
1305
1646
446988
7104
8458
9301
10404
3203
8292
2315
6750
14057
1252
25723
958
19920
43354
17785
9039
25044
10359
44736
3614
2980
12166
5973
4644
7456
9210
15515
17479
1086
11539
9376
7586
7680
47272
12640
3023
6933
8010
6708
30866
2591
32479
25248
18189
5175
9590
2368
7826
2757
16869
9998
10387
6950
8377
8500
17017
7177
17503
15757
6486
5935
4592
7049
7510
10233
80792
10836
2988
8829
10384
17560
11416
2547
334
12562
48
4127
5090
9306
18860
27660
3931
12298
2813
4659
6077
8826
33388
33928
9367
7897
7497
7790
4989
11748
25219
5003
50505
10716
16038
5021
9192
1721
22189
9746
7656
9869
4523
568
7770
50333
64552
29524
1649
3398
2266
7393
1694
10083
2151
9566
5669
12562
16668
4029
9989
11403
29163
20681
24815
1940
19418
1030
139809
4894
16179
6228
4902
6823
995
2778
3418
10644
3340
337
2311
7612
6622
19486
6554
5740
11205
6417
342
11286
1961
6323
65321
1623
12361
18651
8689
6167
9603
6079
189058
1949
8189
1146
9240
171381
941
4522
15130
2253
64299
430
336
1811
7693
2999
51714
9378
4692
13899
7710
81203
8695
6919
12250
26606
18156
17029
11053
1063
8989
8840
19501
833
8425
27520
35355
1710
1718
5571
4603
27627
6213
7496
6251
4416
7416
8395
7166
4701
10035
19595
7513
9179
3826
8505
17960
4865
93085
59343
12268
6868
3408
298
8996
26642
6877
8506
3684
4999
8787
52268
1903
25375
110733
1467
10370
13304
28546
7651
9736
19062
15519
31656
2751
7754
18936
613
11239
11509
8275
1954
12087
10878
2819
512
6104
10579
17510
17580
10747
10306
89306
2565
22064
10017
8863
8938
289
18618
2977
14067
2184
6997
9500
8274
19595
24579
6745
6286
19128
4084
42940
9287
514
1810
6049
3759
10705
3145
9640
108
536
666
136
23370
41232
11903
6852
6893
6507
134640
9382
4536
7712
18389
40248
4137
2527
1970
6427
1477
946
22116
6331
47695
21615
23509
6562
6260
55327
4181
5994
878
10409
7845
7981
1197
29687
14555
9153
29770
1728
12467
7806
4645
21823
36655
1936
22509
10541
5041
4530
5747
392
5448
18412
10287
10533
14643
6626
10890
2931
480
1974
5836
1904
8991
29113
3636
8695
6560
6311
2487
9963
3640
5145
8434
3984
6719
9058
1276
4185
13216
9668
10452
2504
6471
1111
20751
6756
7744
19565
3391
8161
31520
6035
8031
6236
4907
26649
2795
2719
12135
3775
2357
1072
9083
9219
2869
11016
5900
